[2025-11-27 23:44:12] local.ERROR: View [layouts.app] not found. {"exception":"[object] (InvalidArgumentException(code: 0): View [layouts.app] not found. at D:\\PROYECTO DE GRADO\\MDG2\\sis-seguimiento-hojas-ruta\\sis-seguimiento-hojas-ruta\\vendor\\laravel\\framework\\src\\Illuminate\\View\\FileViewFinder.php:139)
[stacktrace]
#0 D:\\PROYECTO DE GRADO\\MDG2\\sis-seguimiento-hojas-ruta\\sis-seguimiento-hojas-ruta\\vendor\\laravel\\framework\\src\\Illuminate\\View\\FileViewFinder.php(79): Illuminate\\View\\FileViewFinder->findInPaths('layouts.app', Array)
#1 D:\\PROYECTO DE GRADO\\MDG2\\sis-seguimiento-hojas-ruta\\sis-seguimiento-hojas-ruta\\vendor\\laravel\\framework\\src\\Illuminate\\View\\Factory.php(151): Illuminate\\View\\FileViewFinder->find('layouts.app')
#2 D:\\PROYECTO DE GRADO\\MDG2\\sis-seguimiento-hojas-ruta\\sis-seguimiento-hojas-ruta\\vendor\\laravel\\framework\\src\\Illuminate\\Foundation\\helpers.php(1062): Illuminate\\View\\Factory->make('layouts.app', Array, Array)
#3 laravel-serializable-closure://function () {
    return \\view('layouts.app');
}(3): view('layouts.app')
#4 D:\\PROYECTO DE GRADO\\MDG2\\sis-seguimiento-hojas-ruta\\sis-seguimiento-hojas-ruta\\vendor\\laravel\\framework\\src\\Illuminate\\Routing\\CallableDispatcher.php(40): Illuminate\\Routing\\RouteFileRegistrar::{closure}()
#5 D:\\PROYECTO DE GRADO\\MDG2\\sis-seguimiento-hojas-ruta\\sis-seguimiento-hojas-ruta\\vendor\\laravel\\framework\\src\\Illuminate\\Routing\\Route.php(244): Illuminate\\Routing\\CallableDispatcher->dispatch(Object(Illuminate\\Routing\\Route), Object(Closure))
#6 D:\\PROYECTO DE GRADO\\MDG2\\sis-seguimiento-hojas-ruta\\sis-seguimiento-hojas-ruta\\vendor\\laravel\\framework\\src\\Illuminate\\Routing\\Route.php(215): Illuminate\\Routing\\Route->runCallable()
#7 D:\\PROYECTO DE GRADO\\MDG2\\sis-seguimiento-hojas-ruta\\sis-seguimiento-hojas-ruta\\vendor\\laravel\\framework\\src\\Illuminate\\Routing\\Router.php(808): Illuminate\\Routing\\Route->run()
#8 D:\\PROYECTO DE GRADO\\MDG2\\sis-seguimiento-hojas-ruta\\sis-seguimiento-hojas-ruta\\vendor\\laravel\\framework\\src\\Illuminate\\Pipeline\\Pipeline.php(170): Illuminate\\Routing\\Router->Illuminate\\Routing\\{closure}(Object(Illuminate\\Http\\Request))
#9 D:\\PROYECTO DE GRADO\\MDG2\\sis-seguimiento-hojas-ruta\\sis-seguimiento-hojas-ruta\\vendor\\laravel\\framework\\src\\Illuminate\\Routing\\Middleware\\SubstituteBindings.php(51): Illuminate\\Pipeline\\Pipeline->Illuminate\\Pipeline\\{closure}(Object(Illuminate\\Http\\Request))
#10 D:\\PROYECTO DE GRADO\\MDG2\\sis-seguimiento-hojas-ruta\\sis-seguimiento-hojas-ruta\\vendor\\laravel\\framework\\src\\Illuminate\\Pipeline\\Pipeline.php(209): Illuminate\\Routing\\Middleware\\SubstituteBindings->handle(Object(Illuminate\\Http\\Request), Object(Closure))
#11 D:\\PROYECTO DE GRADO\\MDG2\\sis-seguimiento-hojas-ruta\\sis-seguimiento-hojas-ruta\\vendor\\laravel\\framework\\src\\Illuminate\\Foundation\\Http\\Middleware\\VerifyCsrfToken.php(88): Illuminate\\Pipeline\\Pipeline->Illuminate\\Pipeline\\{closure}(Object(Illuminate\\Http\\Request))
#12 D:\\PROYECTO DE GRADO\\MDG2\\sis-seguimiento-hojas-ruta\\sis-seguimiento-hojas-ruta\\vendor\\laravel\\framework\\src\\Illuminate\\Pipeline\\Pipeline.php(209): Illuminate\\Foundation\\Http\\Middleware\\VerifyCsrfToken->handle(Object(Illuminate\\Http\\Request), Object(Closure))
#13 D:\\PROYECTO DE GRADO\\MDG2\\sis-seguimiento-hojas-ruta\\sis-seguimiento-hojas-ruta\\vendor\\laravel\\framework\\src\\Illuminate\\View\\Middleware\\ShareErrorsFromSession.php(49): Illuminate\\Pipeline\\Pipeline->Illuminate\\Pipeline\\{closure}(Object(Illuminate\\Http\\Request))
#14 D:\\PROYECTO DE GRADO\\MDG2\\sis-seguimiento-hojas-ruta\\sis-seguimiento-hojas-ruta\\vendor\\laravel\\framework\\src\\Illuminate\\Pipeline\\Pipeline.php(209): Illuminate\\View\\Middleware\\ShareErrorsFromSession->handle(Object(Illuminate\\Http\\Request), Object(Closure))
#15 D:\\PROYECTO DE GRADO\\MDG2\\sis-seguimiento-hojas-ruta\\sis-seguimiento-hojas-ruta\\vendor\\laravel\\framework\\src\\Illuminate\\Session\\Middleware\\StartSession.php(121): Illuminate\\Pipeline\\Pipeline->Illuminate\\Pipeline\\{closure}(Object(Illuminate\\Http\\Request))
#16 D:\\PROYECTO DE GRADO\\MDG2\\sis-seguimiento-hojas-ruta\\sis-seguimiento-hojas-ruta\\vendor\\laravel\\framework\\src\\Illuminate\\Session\\Middleware\\StartSession.php(64): Illuminate\\Session\\Middleware\\StartSession->handleStatefulRequest(Object(Illuminate\\Http\\Request), Object(Illuminate\\Session\\Store), Object(Closure))
#17 D:\\PROYECTO DE GRADO\\MDG2\\sis-seguimiento-hojas-ruta\\sis-seguimiento-hojas-ruta\\vendor\\laravel\\framework\\src\\Illuminate\\Pipeline\\Pipeline.php(209): Illuminate\\Session\\Middleware\\StartSession->handle(Object(Illuminate\\Http\\Request), Object(Closure))
#18 D:\\PROYECTO DE GRADO\\MDG2\\sis-seguimiento-hojas-ruta\\sis-seguimiento-hojas-ruta\\vendor\\laravel\\framework\\src\\Illuminate\\Cookie\\Middleware\\AddQueuedCookiesToResponse.php(37): Illuminate\\Pipeline\\Pipeline->Illuminate\\Pipeline\\{closure}(Object(Illuminate\\Http\\Request))
#19 D:\\PROYECTO DE GRADO\\MDG2\\sis-seguimiento-hojas-ruta\\sis-seguimiento-hojas-ruta\\vendor\\laravel\\framework\\src\\Illuminate\\Pipeline\\Pipeline.php(209): Illuminate\\Cookie\\Middleware\\AddQueuedCookiesToResponse->handle(Object(Illuminate\\Http\\Request), Object(Closure))
#20 D:\\PROYECTO DE GRADO\\MDG2\\sis-seguimiento-hojas-ruta\\sis-seguimiento-hojas-ruta\\vendor\\laravel\\framework\\src\\Illuminate\\Cookie\\Middleware\\EncryptCookies.php(75): Illuminate\\Pipeline\\Pipeline->Illuminate\\Pipeline\\{closure}(Object(Illuminate\\Http\\Request))
#21 D:\\PROYECTO DE GRADO\\MDG2\\sis-seguimiento-hojas-ruta\\sis-seguimiento-hojas-ruta\\vendor\\laravel\\framework\\src\\Illuminate\\Pipeline\\Pipeline.php(209): Illuminate\\Cookie\\Middleware\\EncryptCookies->handle(Object(Illuminate\\Http\\Request), Object(Closure))
#22 D:\\PROYECTO DE GRADO\\MDG2\\sis-seguimiento-hojas-ruta\\sis-seguimiento-hojas-ruta\\vendor\\laravel\\framework\\src\\Illuminate\\Pipeline\\Pipeline.php(127): Illuminate\\Pipeline\\Pipeline->Illuminate\\Pipeline\\{closure}(Object(Illuminate\\Http\\Request))
#23 D:\\PROYECTO DE GRADO\\MDG2\\sis-seguimiento-hojas-ruta\\sis-seguimiento-hojas-ruta\\vendor\\laravel\\framework\\src\\Illuminate\\Routing\\Router.php(807): Illuminate\\Pipeline\\Pipeline->then(Object(Closure))
#24 D:\\PROYECTO DE GRADO\\MDG2\\sis-seguimiento-hojas-ruta\\sis-seguimiento-hojas-ruta\\vendor\\laravel\\framework\\src\\Illuminate\\Routing\\Router.php(786): Illuminate\\Routing\\Router->runRouteWithinStack(Object(Illuminate\\Routing\\Route), Object(Illuminate\\Http\\Request))
#25 D:\\PROYECTO DE GRADO\\MDG2\\sis-seguimiento-hojas-ruta\\sis-seguimiento-hojas-ruta\\vendor\\laravel\\framework\\src\\Illuminate\\Routing\\Router.php(750): Illuminate\\Routing\\Router->runRoute(Object(Illuminate\\Http\\Request), Object(Illuminate\\Routing\\Route))
#26 D:\\PROYECTO DE GRADO\\MDG2\\sis-seguimiento-hojas-ruta\\sis-seguimiento-hojas-ruta\\vendor\\laravel\\framework\\src\\Illuminate\\Routing\\Router.php(739): Illuminate\\Routing\\Router->dispatchToRoute(Object(Illuminate\\Http\\Request))
#27 D:\\PROYECTO DE GRADO\\MDG2\\sis-seguimiento-hojas-ruta\\sis-seguimiento-hojas-ruta\\vendor\\laravel\\framework\\src\\Illuminate\\Foundation\\Http\\Kernel.php(201): Illuminate\\Routing\\Router->dispatch(Object(Illuminate\\Http\\Request))
#28 D:\\PROYECTO DE GRADO\\MDG2\\sis-seguimiento-hojas-ruta\\sis-seguimiento-hojas-ruta\\vendor\\laravel\\framework\\src\\Illuminate\\Pipeline\\Pipeline.php(170): Illuminate\\Foundation\\Http\\Kernel->Illuminate\\Foundation\\Http\\{closure}(Object(Illuminate\\Http\\Request))
#29 D:\\PROYECTO DE GRADO\\MDG2\\sis-seguimiento-hojas-ruta\\sis-seguimiento-hojas-ruta\\vendor\\laravel\\framework\\src\\Illuminate\\Foundation\\Http\\Middleware\\TransformsRequest.php(21): Illuminate\\Pipeline\\Pipeline->Illuminate\\Pipeline\\{closure}(Object(Illuminate\\Http\\Request))
#30 D:\\PROYECTO DE GRADO\\MDG2\\sis-seguimiento-hojas-ruta\\sis-seguimiento-hojas-ruta\\vendor\\laravel\\framework\\src\\Illuminate\\Foundation\\Http\\Middleware\\ConvertEmptyStringsToNull.php(31): Illuminate\\Foundation\\Http\\Middleware\\TransformsRequest->handle(Object(Illuminate\\Http\\Request), Object(Closure))
#31 D:\\PROYECTO DE GRADO\\MDG2\\sis-seguimiento-hojas-ruta\\sis-seguimiento-hojas-ruta\\vendor\\laravel\\framework\\src\\Illuminate\\Pipeline\\Pipeline.php(209): Illuminate\\Foundation\\Http\\Middleware\\ConvertEmptyStringsToNull->handle(Object(Illuminate\\Http\\Request), Object(Closure))
#32 D:\\PROYECTO DE GRADO\\MDG2\\sis-seguimiento-hojas-ruta\\sis-seguimiento-hojas-ruta\\vendor\\laravel\\framework\\src\\Illuminate\\Foundation\\Http\\Middleware\\TransformsRequest.php(21): Illuminate\\Pipeline\\Pipeline->Illuminate\\Pipeline\\{closure}(Object(Illuminate\\Http\\Request))
#33 D:\\PROYECTO DE GRADO\\MDG2\\sis-seguimiento-hojas-ruta\\sis-seguimiento-hojas-ruta\\vendor\\laravel\\framework\\src\\Illuminate\\Foundation\\Http\\Middleware\\TrimStrings.php(51): Illuminate\\Foundation\\Http\\Middleware\\TransformsRequest->handle(Object(Illuminate\\Http\\Request), Object(Closure))
#34 D:\\PROYECTO DE GRADO\\MDG2\\sis-seguimiento-hojas-ruta\\sis-seguimiento-hojas-ruta\\vendor\\laravel\\framework\\src\\Illuminate\\Pipeline\\Pipeline.php(209): Illuminate\\Foundation\\Http\\Middleware\\TrimStrings->handle(Object(Illuminate\\Http\\Request), Object(Closure))
#35 D:\\PROYECTO DE GRADO\\MDG2\\sis-seguimiento-hojas-ruta\\sis-seguimiento-hojas-ruta\\vendor\\laravel\\framework\\src\\Illuminate\\Http\\Middleware\\ValidatePostSize.php(27): Illuminate\\Pipeline\\Pipeline->Illuminate\\Pipeline\\{closure}(Object(Illuminate\\Http\\Request))
#36 D:\\PROYECTO DE GRADO\\MDG2\\sis-seguimiento-hojas-ruta\\sis-seguimiento-hojas-ruta\\vendor\\laravel\\framework\\src\\Illuminate\\Pipeline\\Pipeline.php(209): Illuminate\\Http\\Middleware\\ValidatePostSize->handle(Object(Illuminate\\Http\\Request), Object(Closure))
#37 D:\\PROYECTO DE GRADO\\MDG2\\sis-seguimiento-hojas-ruta\\sis-seguimiento-hojas-ruta\\vendor\\laravel\\framework\\src\\Illuminate\\Foundation\\Http\\Middleware\\PreventRequestsDuringMaintenance.php(110): Illuminate\\Pipeline\\Pipeline->Illuminate\\Pipeline\\{closure}(Object(Illuminate\\Http\\Request))
#38 D:\\PROYECTO DE GRADO\\MDG2\\sis-seguimiento-hojas-ruta\\sis-seguimiento-hojas-ruta\\vendor\\laravel\\framework\\src\\Illuminate\\Pipeline\\Pipeline.php(209): Illuminate\\Foundation\\Http\\Middleware\\PreventRequestsDuringMaintenance->handle(Object(Illuminate\\Http\\Request), Object(Closure))
#39 D:\\PROYECTO DE GRADO\\MDG2\\sis-seguimiento-hojas-ruta\\sis-seguimiento-hojas-ruta\\vendor\\laravel\\framework\\src\\Illuminate\\Http\\Middleware\\HandleCors.php(49): Illuminate\\Pipeline\\Pipeline->Illuminate\\Pipeline\\{closure}(Object(Illuminate\\Http\\Request))
#40 D:\\PROYECTO DE GRADO\\MDG2\\sis-seguimiento-hojas-ruta\\sis-seguimiento-hojas-ruta\\vendor\\laravel\\framework\\src\\Illuminate\\Pipeline\\Pipeline.php(209): Illuminate\\Http\\Middleware\\HandleCors->handle(Object(Illuminate\\Http\\Request), Object(Closure))
#41 D:\\PROYECTO DE GRADO\\MDG2\\sis-seguimiento-hojas-ruta\\sis-seguimiento-hojas-ruta\\vendor\\laravel\\framework\\src\\Illuminate\\Http\\Middleware\\TrustProxies.php(58): Illuminate\\Pipeline\\Pipeline->Illuminate\\Pipeline\\{closure}(Object(Illuminate\\Http\\Request))
#42 D:\\PROYECTO DE GRADO\\MDG2\\sis-seguimiento-hojas-ruta\\sis-seguimiento-hojas-ruta\\vendor\\laravel\\framework\\src\\Illuminate\\Pipeline\\Pipeline.php(209): Illuminate\\Http\\Middleware\\TrustProxies->handle(Object(Illuminate\\Http\\Request), Object(Closure))
#43 D:\\PROYECTO DE GRADO\\MDG2\\sis-seguimiento-hojas-ruta\\sis-seguimiento-hojas-ruta\\vendor\\laravel\\framework\\src\\Illuminate\\Foundation\\Http\\Middleware\\InvokeDeferredCallbacks.php(22): Illuminate\\Pipeline\\Pipeline->Illuminate\\Pipeline\\{closure}(Object(Illuminate\\Http\\Request))
#44 D:\\PROYECTO DE GRADO\\MDG2\\sis-seguimiento-hojas-ruta\\sis-seguimiento-hojas-ruta\\vendor\\laravel\\framework\\src\\Illuminate\\Pipeline\\Pipeline.php(209): Illuminate\\Foundation\\Http\\Middleware\\InvokeDeferredCallbacks->handle(Object(Illuminate\\Http\\Request), Object(Closure))
#45 D:\\PROYECTO DE GRADO\\MDG2\\sis-seguimiento-hojas-ruta\\sis-seguimiento-hojas-ruta\\vendor\\laravel\\framework\\src\\Illuminate\\Pipeline\\Pipeline.php(127): Illuminate\\Pipeline\\Pipeline->Illuminate\\Pipeline\\{closure}(Object(Illuminate\\Http\\Request))
#46 D:\\PROYECTO DE GRADO\\MDG2\\sis-seguimiento-hojas-ruta\\sis-seguimiento-hojas-ruta\\vendor\\laravel\\framework\\src\\Illuminate\\Foundation\\Http\\Kernel.php(176): Illuminate\\Pipeline\\Pipeline->then(Object(Closure))
#47 D:\\PROYECTO DE GRADO\\MDG2\\sis-seguimiento-hojas-ruta\\sis-seguimiento-hojas-ruta\\vendor\\laravel\\framework\\src\\Illuminate\\Foundation\\Http\\Kernel.php(145): Illuminate\\Foundation\\Http\\Kernel->sendRequestThroughRouter(Object(Illuminate\\Http\\Request))
#48 D:\\PROYECTO DE GRADO\\MDG2\\sis-seguimiento-hojas-ruta\\sis-seguimiento-hojas-ruta\\vendor\\laravel\\framework\\src\\Illuminate\\Foundation\\Application.php(1220): Illuminate\\Foundation\\Http\\Kernel->handle(Object(Illuminate\\Http\\Request))
#49 D:\\PROYECTO DE GRADO\\MDG2\\sis-seguimiento-hojas-ruta\\sis-seguimiento-hojas-ruta\\public\\index.php(17): Illuminate\\Foundation\\Application->handleRequest(Object(Illuminate\\Http\\Request))
#50 D:\\PROYECTO DE GRADO\\MDG2\\sis-seguimiento-hojas-ruta\\sis-seguimiento-hojas-ruta\\vendor\\laravel\\framework\\src\\Illuminate\\Foundation\\resources\\server.php(23): require_once('D:\\\\PROYECTO DE ...')
#51 {main}
"} 
[2025-11-27 23:44:49] local.ERROR: The "D:\Colca\SEGUIMIENTO DE HOJAS DE RUTA\sis-seguimiento-hojas-ruta\resources\views" directory does not exist. {"exception":"[object] (Symfony\\Component\\Finder\\Exception\\DirectoryNotFoundException(code: 0): The \"D:\\Colca\\SEGUIMIENTO DE HOJAS DE RUTA\\sis-seguimiento-hojas-ruta\\resources\\views\" directory does not exist. at D:\\PROYECTO DE GRADO\\MDG2\\sis-seguimiento-hojas-ruta\\sis-seguimiento-hojas-ruta\\vendor\\symfony\\finder\\Finder.php:646)
[stacktrace]
#0 D:\\PROYECTO DE GRADO\\MDG2\\sis-seguimiento-hojas-ruta\\sis-seguimiento-hojas-ruta\\vendor\\laravel\\framework\\src\\Illuminate\\Foundation\\Console\\ViewCacheCommand.php(88): Symfony\\Component\\Finder\\Finder->in(Array)
#1 D:\\PROYECTO DE GRADO\\MDG2\\sis-seguimiento-hojas-ruta\\sis-seguimiento-hojas-ruta\\vendor\\laravel\\framework\\src\\Illuminate\\Foundation\\Console\\ViewCacheCommand.php(43): Illuminate\\Foundation\\Console\\ViewCacheCommand->bladeFilesIn(Array)
#2 D:\\PROYECTO DE GRADO\\MDG2\\sis-seguimiento-hojas-ruta\\sis-seguimiento-hojas-ruta\\vendor\\laravel\\framework\\src\\Illuminate\\Collections\\Traits\\EnumeratesValues.php(261): Illuminate\\Foundation\\Console\\ViewCacheCommand->Illuminate\\Foundation\\Console\\{closure}('D:\\\\Colca\\\\SEGUIM...', 0)
#3 D:\\PROYECTO DE GRADO\\MDG2\\sis-seguimiento-hojas-ruta\\sis-seguimiento-hojas-ruta\\vendor\\laravel\\framework\\src\\Illuminate\\Foundation\\Console\\ViewCacheCommand.php(38): Illuminate\\Support\\Collection->each(Object(Closure))
#4 D:\\PROYECTO DE GRADO\\MDG2\\sis-seguimiento-hojas-ruta\\sis-seguimiento-hojas-ruta\\vendor\\laravel\\framework\\src\\Illuminate\\Container\\BoundMethod.php(36): Illuminate\\Foundation\\Console\\ViewCacheCommand->handle()
#5 D:\\PROYECTO DE GRADO\\MDG2\\sis-seguimiento-hojas-ruta\\sis-seguimiento-hojas-ruta\\vendor\\laravel\\framework\\src\\Illuminate\\Container\\Util.php(43): Illuminate\\Container\\BoundMethod::Illuminate\\Container\\{closure}()
#6 D:\\PROYECTO DE GRADO\\MDG2\\sis-seguimiento-hojas-ruta\\sis-seguimiento-hojas-ruta\\vendor\\laravel\\framework\\src\\Illuminate\\Container\\BoundMethod.php(95): Illuminate\\Container\\Util::unwrapIfClosure(Object(Closure))
#7 D:\\PROYECTO DE GRADO\\MDG2\\sis-seguimiento-hojas-ruta\\sis-seguimiento-hojas-ruta\\vendor\\laravel\\framework\\src\\Illuminate\\Container\\BoundMethod.php(35): Illuminate\\Container\\BoundMethod::callBoundMethod(Object(Illuminate\\Foundation\\Application), Array, Object(Closure))
#8 D:\\PROYECTO DE GRADO\\MDG2\\sis-seguimiento-hojas-ruta\\sis-seguimiento-hojas-ruta\\vendor\\laravel\\framework\\src\\Illuminate\\Container\\Container.php(696): Illuminate\\Container\\BoundMethod::call(Object(Illuminate\\Foundation\\Application), Array, Array, NULL)
#9 D:\\PROYECTO DE GRADO\\MDG2\\sis-seguimiento-hojas-ruta\\sis-seguimiento-hojas-ruta\\vendor\\laravel\\framework\\src\\Illuminate\\Console\\Command.php(213): Illuminate\\Container\\Container->call(Array)
#10 D:\\PROYECTO DE GRADO\\MDG2\\sis-seguimiento-hojas-ruta\\sis-seguimiento-hojas-ruta\\vendor\\symfony\\console\\Command\\Command.php(318): Illuminate\\Console\\Command->execute(Object(Symfony\\Component\\Console\\Input\\ArrayInput), Object(Illuminate\\Console\\OutputStyle))
#11 D:\\PROYECTO DE GRADO\\MDG2\\sis-seguimiento-hojas-ruta\\sis-seguimiento-hojas-ruta\\vendor\\laravel\\framework\\src\\Illuminate\\Console\\Command.php(182): Symfony\\Component\\Console\\Command\\Command->run(Object(Symfony\\Component\\Console\\Input\\ArrayInput), Object(Illuminate\\Console\\OutputStyle))
#12 D:\\PROYECTO DE GRADO\\MDG2\\sis-seguimiento-hojas-ruta\\sis-seguimiento-hojas-ruta\\vendor\\laravel\\framework\\src\\Illuminate\\Console\\Concerns\\CallsCommands.php(68): Illuminate\\Console\\Command->run(Object(Symfony\\Component\\Console\\Input\\ArrayInput), Object(Symfony\\Component\\Console\\Output\\NullOutput))
#13 D:\\PROYECTO DE GRADO\\MDG2\\sis-seguimiento-hojas-ruta\\sis-seguimiento-hojas-ruta\\vendor\\laravel\\framework\\src\\Illuminate\\Console\\Concerns\\CallsCommands.php(41): Illuminate\\Console\\Command->runCommand('view:cache', Array, Object(Symfony\\Component\\Console\\Output\\NullOutput))
#14 D:\\PROYECTO DE GRADO\\MDG2\\sis-seguimiento-hojas-ruta\\sis-seguimiento-hojas-ruta\\vendor\\laravel\\framework\\src\\Illuminate\\Console\\Concerns\\CallsCommands.php(53): Illuminate\\Console\\Command->callSilent('view:cache', Array)
#15 D:\\PROYECTO DE GRADO\\MDG2\\sis-seguimiento-hojas-ruta\\sis-seguimiento-hojas-ruta\\vendor\\laravel\\framework\\src\\Illuminate\\Foundation\\Console\\OptimizeCommand.php(48): Illuminate\\Console\\Command->callSilently('view:cache')
#16 D:\\PROYECTO DE GRADO\\MDG2\\sis-seguimiento-hojas-ruta\\sis-seguimiento-hojas-ruta\\vendor\\laravel\\framework\\src\\Illuminate\\Console\\View\\Components\\Task.php(40): Illuminate\\Foundation\\Console\\OptimizeCommand->Illuminate\\Foundation\\Console\\{closure}()
#17 D:\\PROYECTO DE GRADO\\MDG2\\sis-seguimiento-hojas-ruta\\sis-seguimiento-hojas-ruta\\vendor\\laravel\\framework\\src\\Illuminate\\Console\\View\\Components\\Factory.php(60): Illuminate\\Console\\View\\Components\\Task->render('views', Object(Closure))
#18 D:\\PROYECTO DE GRADO\\MDG2\\sis-seguimiento-hojas-ruta\\sis-seguimiento-hojas-ruta\\vendor\\laravel\\framework\\src\\Illuminate\\Foundation\\Console\\OptimizeCommand.php(48): Illuminate\\Console\\View\\Components\\Factory->__call('task', Array)
#19 D:\\PROYECTO DE GRADO\\MDG2\\sis-seguimiento-hojas-ruta\\sis-seguimiento-hojas-ruta\\vendor\\laravel\\framework\\src\\Illuminate\\Container\\BoundMethod.php(36): Illuminate\\Foundation\\Console\\OptimizeCommand->handle()
#20 D:\\PROYECTO DE GRADO\\MDG2\\sis-seguimiento-hojas-ruta\\sis-seguimiento-hojas-ruta\\vendor\\laravel\\framework\\src\\Illuminate\\Container\\Util.php(43): Illuminate\\Container\\BoundMethod::Illuminate\\Container\\{closure}()
#21 D:\\PROYECTO DE GRADO\\MDG2\\sis-seguimiento-hojas-ruta\\sis-seguimiento-hojas-ruta\\vendor\\laravel\\framework\\src\\Illuminate\\Container\\BoundMethod.php(95): Illuminate\\Container\\Util::unwrapIfClosure(Object(Closure))
#22 D:\\PROYECTO DE GRADO\\MDG2\\sis-seguimiento-hojas-ruta\\sis-seguimiento-hojas-ruta\\vendor\\laravel\\framework\\src\\Illuminate\\Container\\BoundMethod.php(35): Illuminate\\Container\\BoundMethod::callBoundMethod(Object(Illuminate\\Foundation\\Application), Array, Object(Closure))
#23 D:\\PROYECTO DE GRADO\\MDG2\\sis-seguimiento-hojas-ruta\\sis-seguimiento-hojas-ruta\\vendor\\laravel\\framework\\src\\Illuminate\\Container\\Container.php(696): Illuminate\\Container\\BoundMethod::call(Object(Illuminate\\Foundation\\Application), Array, Array, NULL)
#24 D:\\PROYECTO DE GRADO\\MDG2\\sis-seguimiento-hojas-ruta\\sis-seguimiento-hojas-ruta\\vendor\\laravel\\framework\\src\\Illuminate\\Console\\Command.php(213): Illuminate\\Container\\Container->call(Array)
#25 D:\\PROYECTO DE GRADO\\MDG2\\sis-seguimiento-hojas-ruta\\sis-seguimiento-hojas-ruta\\vendor\\symfony\\console\\Command\\Command.php(318): Illuminate\\Console\\Command->execute(Object(Symfony\\Component\\Console\\Input\\ArgvInput), Object(Illuminate\\Console\\OutputStyle))
#26 D:\\PROYECTO DE GRADO\\MDG2\\sis-seguimiento-hojas-ruta\\sis-seguimiento-hojas-ruta\\vendor\\laravel\\framework\\src\\Illuminate\\Console\\Command.php(182): Symfony\\Component\\Console\\Command\\Command->run(Object(Symfony\\Component\\Console\\Input\\ArgvInput), Object(Illuminate\\Console\\OutputStyle))
#27 D:\\PROYECTO DE GRADO\\MDG2\\sis-seguimiento-hojas-ruta\\sis-seguimiento-hojas-ruta\\vendor\\symfony\\console\\Application.php(1073): Illuminate\\Console\\Command->run(Object(Symfony\\Component\\Console\\Input\\ArgvInput), Object(Symfony\\Component\\Console\\Output\\ConsoleOutput))
#28 D:\\PROYECTO DE GRADO\\MDG2\\sis-seguimiento-hojas-ruta\\sis-seguimiento-hojas-ruta\\vendor\\symfony\\console\\Application.php(356): Symfony\\Component\\Console\\Application->doRunCommand(Object(Illuminate\\Foundation\\Console\\OptimizeCommand), Object(Symfony\\Component\\Console\\Input\\ArgvInput), Object(Symfony\\Component\\Console\\Output\\ConsoleOutput))
#29 D:\\PROYECTO DE GRADO\\MDG2\\sis-seguimiento-hojas-ruta\\sis-seguimiento-hojas-ruta\\vendor\\symfony\\console\\Application.php(195): Symfony\\Component\\Console\\Application->doRun(Object(Symfony\\Component\\Console\\Input\\ArgvInput), Object(Symfony\\Component\\Console\\Output\\ConsoleOutput))
#30 D:\\PROYECTO DE GRADO\\MDG2\\sis-seguimiento-hojas-ruta\\sis-seguimiento-hojas-ruta\\vendor\\laravel\\framework\\src\\Illuminate\\Foundation\\Console\\Kernel.php(198): Symfony\\Component\\Console\\Application->run(Object(Symfony\\Component\\Console\\Input\\ArgvInput), Object(Symfony\\Component\\Console\\Output\\ConsoleOutput))
#31 D:\\PROYECTO DE GRADO\\MDG2\\sis-seguimiento-hojas-ruta\\sis-seguimiento-hojas-ruta\\vendor\\laravel\\framework\\src\\Illuminate\\Foundation\\Application.php(1235): Illuminate\\Foundation\\Console\\Kernel->handle(Object(Symfony\\Component\\Console\\Input\\ArgvInput), Object(Symfony\\Component\\Console\\Output\\ConsoleOutput))
#32 D:\\PROYECTO DE GRADO\\MDG2\\sis-seguimiento-hojas-ruta\\sis-seguimiento-hojas-ruta\\artisan(13): Illuminate\\Foundation\\Application->handleCommand(Object(Symfony\\Component\\Console\\Input\\ArgvInput))
#33 {main}
"} 
[2025-12-04 22:40:10] local.ERROR: View [auth.login] not found. {"exception":"[object] (InvalidArgumentException(code: 0): View [auth.login] not found. at D:\\PROYECTO DE GRADO\\MDG2\\Sistema\\sis-seguimiento-hojas-ruta\\vendor\\laravel\\framework\\src\\Illuminate\\View\\FileViewFinder.php:139)
[stacktrace]
#0 D:\\PROYECTO DE GRADO\\MDG2\\Sistema\\sis-seguimiento-hojas-ruta\\vendor\\laravel\\framework\\src\\Illuminate\\View\\FileViewFinder.php(79): Illuminate\\View\\FileViewFinder->findInPaths('auth.login', Array)
#1 D:\\PROYECTO DE GRADO\\MDG2\\Sistema\\sis-seguimiento-hojas-ruta\\vendor\\laravel\\framework\\src\\Illuminate\\View\\Factory.php(151): Illuminate\\View\\FileViewFinder->find('auth.login')
#2 D:\\PROYECTO DE GRADO\\MDG2\\Sistema\\sis-seguimiento-hojas-ruta\\vendor\\laravel\\framework\\src\\Illuminate\\Foundation\\helpers.php(1062): Illuminate\\View\\Factory->make('auth.login', Array, Array)
#3 D:\\PROYECTO DE GRADO\\MDG2\\Sistema\\sis-seguimiento-hojas-ruta\\app\\Http\\Controllers\\Auth\\AuthenticatedSessionController.php(19): view('auth.login')
#4 D:\\PROYECTO DE GRADO\\MDG2\\Sistema\\sis-seguimiento-hojas-ruta\\vendor\\laravel\\framework\\src\\Illuminate\\Routing\\ControllerDispatcher.php(47): App\\Http\\Controllers\\Auth\\AuthenticatedSessionController->create()
#5 D:\\PROYECTO DE GRADO\\MDG2\\Sistema\\sis-seguimiento-hojas-ruta\\vendor\\laravel\\framework\\src\\Illuminate\\Routing\\Route.php(266): Illuminate\\Routing\\ControllerDispatcher->dispatch(Object(Illuminate\\Routing\\Route), Object(App\\Http\\Controllers\\Auth\\AuthenticatedSessionController), 'create')
#6 D:\\PROYECTO DE GRADO\\MDG2\\Sistema\\sis-seguimiento-hojas-ruta\\vendor\\laravel\\framework\\src\\Illuminate\\Routing\\Route.php(212): Illuminate\\Routing\\Route->runController()
#7 D:\\PROYECTO DE GRADO\\MDG2\\Sistema\\sis-seguimiento-hojas-ruta\\vendor\\laravel\\framework\\src\\Illuminate\\Routing\\Router.php(808): Illuminate\\Routing\\Route->run()
#8 D:\\PROYECTO DE GRADO\\MDG2\\Sistema\\sis-seguimiento-hojas-ruta\\vendor\\laravel\\framework\\src\\Illuminate\\Pipeline\\Pipeline.php(170): Illuminate\\Routing\\Router->Illuminate\\Routing\\{closure}(Object(Illuminate\\Http\\Request))
#9 D:\\PROYECTO DE GRADO\\MDG2\\Sistema\\sis-seguimiento-hojas-ruta\\vendor\\laravel\\framework\\src\\Illuminate\\Auth\\Middleware\\RedirectIfAuthenticated.php(35): Illuminate\\Pipeline\\Pipeline->Illuminate\\Pipeline\\{closure}(Object(Illuminate\\Http\\Request))
#10 D:\\PROYECTO DE GRADO\\MDG2\\Sistema\\sis-seguimiento-hojas-ruta\\vendor\\laravel\\framework\\src\\Illuminate\\Pipeline\\Pipeline.php(209): Illuminate\\Auth\\Middleware\\RedirectIfAuthenticated->handle(Object(Illuminate\\Http\\Request), Object(Closure))
#11 D:\\PROYECTO DE GRADO\\MDG2\\Sistema\\sis-seguimiento-hojas-ruta\\vendor\\laravel\\framework\\src\\Illuminate\\Routing\\Middleware\\SubstituteBindings.php(51): Illuminate\\Pipeline\\Pipeline->Illuminate\\Pipeline\\{closure}(Object(Illuminate\\Http\\Request))
#12 D:\\PROYECTO DE GRADO\\MDG2\\Sistema\\sis-seguimiento-hojas-ruta\\vendor\\laravel\\framework\\src\\Illuminate\\Pipeline\\Pipeline.php(209): Illuminate\\Routing\\Middleware\\SubstituteBindings->handle(Object(Illuminate\\Http\\Request), Object(Closure))
#13 D:\\PROYECTO DE GRADO\\MDG2\\Sistema\\sis-seguimiento-hojas-ruta\\vendor\\laravel\\framework\\src\\Illuminate\\Foundation\\Http\\Middleware\\VerifyCsrfToken.php(88): Illuminate\\Pipeline\\Pipeline->Illuminate\\Pipeline\\{closure}(Object(Illuminate\\Http\\Request))
#14 D:\\PROYECTO DE GRADO\\MDG2\\Sistema\\sis-seguimiento-hojas-ruta\\vendor\\laravel\\framework\\src\\Illuminate\\Pipeline\\Pipeline.php(209): Illuminate\\Foundation\\Http\\Middleware\\VerifyCsrfToken->handle(Object(Illuminate\\Http\\Request), Object(Closure))
#15 D:\\PROYECTO DE GRADO\\MDG2\\Sistema\\sis-seguimiento-hojas-ruta\\vendor\\laravel\\framework\\src\\Illuminate\\View\\Middleware\\ShareErrorsFromSession.php(49): Illuminate\\Pipeline\\Pipeline->Illuminate\\Pipeline\\{closure}(Object(Illuminate\\Http\\Request))
#16 D:\\PROYECTO DE GRADO\\MDG2\\Sistema\\sis-seguimiento-hojas-ruta\\vendor\\laravel\\framework\\src\\Illuminate\\Pipeline\\Pipeline.php(209): Illuminate\\View\\Middleware\\ShareErrorsFromSession->handle(Object(Illuminate\\Http\\Request), Object(Closure))
#17 D:\\PROYECTO DE GRADO\\MDG2\\Sistema\\sis-seguimiento-hojas-ruta\\vendor\\laravel\\framework\\src\\Illuminate\\Session\\Middleware\\StartSession.php(121): Illuminate\\Pipeline\\Pipeline->Illuminate\\Pipeline\\{closure}(Object(Illuminate\\Http\\Request))
#18 D:\\PROYECTO DE GRADO\\MDG2\\Sistema\\sis-seguimiento-hojas-ruta\\vendor\\laravel\\framework\\src\\Illuminate\\Session\\Middleware\\StartSession.php(64): Illuminate\\Session\\Middleware\\StartSession->handleStatefulRequest(Object(Illuminate\\Http\\Request), Object(Illuminate\\Session\\Store), Object(Closure))
#19 D:\\PROYECTO DE GRADO\\MDG2\\Sistema\\sis-seguimiento-hojas-ruta\\vendor\\laravel\\framework\\src\\Illuminate\\Pipeline\\Pipeline.php(209): Illuminate\\Session\\Middleware\\StartSession->handle(Object(Illuminate\\Http\\Request), Object(Closure))
#20 D:\\PROYECTO DE GRADO\\MDG2\\Sistema\\sis-seguimiento-hojas-ruta\\vendor\\laravel\\framework\\src\\Illuminate\\Cookie\\Middleware\\AddQueuedCookiesToResponse.php(37): Illuminate\\Pipeline\\Pipeline->Illuminate\\Pipeline\\{closure}(Object(Illuminate\\Http\\Request))
#21 D:\\PROYECTO DE GRADO\\MDG2\\Sistema\\sis-seguimiento-hojas-ruta\\vendor\\laravel\\framework\\src\\Illuminate\\Pipeline\\Pipeline.php(209): Illuminate\\Cookie\\Middleware\\AddQueuedCookiesToResponse->handle(Object(Illuminate\\Http\\Request), Object(Closure))
#22 D:\\PROYECTO DE GRADO\\MDG2\\Sistema\\sis-seguimiento-hojas-ruta\\vendor\\laravel\\framework\\src\\Illuminate\\Cookie\\Middleware\\EncryptCookies.php(75): Illuminate\\Pipeline\\Pipeline->Illuminate\\Pipeline\\{closure}(Object(Illuminate\\Http\\Request))
#23 D:\\PROYECTO DE GRADO\\MDG2\\Sistema\\sis-seguimiento-hojas-ruta\\vendor\\laravel\\framework\\src\\Illuminate\\Pipeline\\Pipeline.php(209): Illuminate\\Cookie\\Middleware\\EncryptCookies->handle(Object(Illuminate\\Http\\Request), Object(Closure))
#24 D:\\PROYECTO DE GRADO\\MDG2\\Sistema\\sis-seguimiento-hojas-ruta\\vendor\\laravel\\framework\\src\\Illuminate\\Pipeline\\Pipeline.php(127): Illuminate\\Pipeline\\Pipeline->Illuminate\\Pipeline\\{closure}(Object(Illuminate\\Http\\Request))
#25 D:\\PROYECTO DE GRADO\\MDG2\\Sistema\\sis-seguimiento-hojas-ruta\\vendor\\laravel\\framework\\src\\Illuminate\\Routing\\Router.php(807): Illuminate\\Pipeline\\Pipeline->then(Object(Closure))
#26 D:\\PROYECTO DE GRADO\\MDG2\\Sistema\\sis-seguimiento-hojas-ruta\\vendor\\laravel\\framework\\src\\Illuminate\\Routing\\Router.php(786): Illuminate\\Routing\\Router->runRouteWithinStack(Object(Illuminate\\Routing\\Route), Object(Illuminate\\Http\\Request))
#27 D:\\PROYECTO DE GRADO\\MDG2\\Sistema\\sis-seguimiento-hojas-ruta\\vendor\\laravel\\framework\\src\\Illuminate\\Routing\\Router.php(750): Illuminate\\Routing\\Router->runRoute(Object(Illuminate\\Http\\Request), Object(Illuminate\\Routing\\Route))
#28 D:\\PROYECTO DE GRADO\\MDG2\\Sistema\\sis-seguimiento-hojas-ruta\\vendor\\laravel\\framework\\src\\Illuminate\\Routing\\Router.php(739): Illuminate\\Routing\\Router->dispatchToRoute(Object(Illuminate\\Http\\Request))
#29 D:\\PROYECTO DE GRADO\\MDG2\\Sistema\\sis-seguimiento-hojas-ruta\\vendor\\laravel\\framework\\src\\Illuminate\\Foundation\\Http\\Kernel.php(201): Illuminate\\Routing\\Router->dispatch(Object(Illuminate\\Http\\Request))
#30 D:\\PROYECTO DE GRADO\\MDG2\\Sistema\\sis-seguimiento-hojas-ruta\\vendor\\laravel\\framework\\src\\Illuminate\\Pipeline\\Pipeline.php(170): Illuminate\\Foundation\\Http\\Kernel->Illuminate\\Foundation\\Http\\{closure}(Object(Illuminate\\Http\\Request))
#31 D:\\PROYECTO DE GRADO\\MDG2\\Sistema\\sis-seguimiento-hojas-ruta\\vendor\\laravel\\framework\\src\\Illuminate\\Foundation\\Http\\Middleware\\TransformsRequest.php(21): Illuminate\\Pipeline\\Pipeline->Illuminate\\Pipeline\\{closure}(Object(Illuminate\\Http\\Request))
#32 D:\\PROYECTO DE GRADO\\MDG2\\Sistema\\sis-seguimiento-hojas-ruta\\vendor\\laravel\\framework\\src\\Illuminate\\Foundation\\Http\\Middleware\\ConvertEmptyStringsToNull.php(31): Illuminate\\Foundation\\Http\\Middleware\\TransformsRequest->handle(Object(Illuminate\\Http\\Request), Object(Closure))
#33 D:\\PROYECTO DE GRADO\\MDG2\\Sistema\\sis-seguimiento-hojas-ruta\\vendor\\laravel\\framework\\src\\Illuminate\\Pipeline\\Pipeline.php(209): Illuminate\\Foundation\\Http\\Middleware\\ConvertEmptyStringsToNull->handle(Object(Illuminate\\Http\\Request), Object(Closure))
#34 D:\\PROYECTO DE GRADO\\MDG2\\Sistema\\sis-seguimiento-hojas-ruta\\vendor\\laravel\\framework\\src\\Illuminate\\Foundation\\Http\\Middleware\\TransformsRequest.php(21): Illuminate\\Pipeline\\Pipeline->Illuminate\\Pipeline\\{closure}(Object(Illuminate\\Http\\Request))
#35 D:\\PROYECTO DE GRADO\\MDG2\\Sistema\\sis-seguimiento-hojas-ruta\\vendor\\laravel\\framework\\src\\Illuminate\\Foundation\\Http\\Middleware\\TrimStrings.php(51): Illuminate\\Foundation\\Http\\Middleware\\TransformsRequest->handle(Object(Illuminate\\Http\\Request), Object(Closure))
#36 D:\\PROYECTO DE GRADO\\MDG2\\Sistema\\sis-seguimiento-hojas-ruta\\vendor\\laravel\\framework\\src\\Illuminate\\Pipeline\\Pipeline.php(209): Illuminate\\Foundation\\Http\\Middleware\\TrimStrings->handle(Object(Illuminate\\Http\\Request), Object(Closure))
#37 D:\\PROYECTO DE GRADO\\MDG2\\Sistema\\sis-seguimiento-hojas-ruta\\vendor\\laravel\\framework\\src\\Illuminate\\Http\\Middleware\\ValidatePostSize.php(27): Illuminate\\Pipeline\\Pipeline->Illuminate\\Pipeline\\{closure}(Object(Illuminate\\Http\\Request))
#38 D:\\PROYECTO DE GRADO\\MDG2\\Sistema\\sis-seguimiento-hojas-ruta\\vendor\\laravel\\framework\\src\\Illuminate\\Pipeline\\Pipeline.php(209): Illuminate\\Http\\Middleware\\ValidatePostSize->handle(Object(Illuminate\\Http\\Request), Object(Closure))
#39 D:\\PROYECTO DE GRADO\\MDG2\\Sistema\\sis-seguimiento-hojas-ruta\\vendor\\laravel\\framework\\src\\Illuminate\\Foundation\\Http\\Middleware\\PreventRequestsDuringMaintenance.php(110): Illuminate\\Pipeline\\Pipeline->Illuminate\\Pipeline\\{closure}(Object(Illuminate\\Http\\Request))
#40 D:\\PROYECTO DE GRADO\\MDG2\\Sistema\\sis-seguimiento-hojas-ruta\\vendor\\laravel\\framework\\src\\Illuminate\\Pipeline\\Pipeline.php(209): Illuminate\\Foundation\\Http\\Middleware\\PreventRequestsDuringMaintenance->handle(Object(Illuminate\\Http\\Request), Object(Closure))
#41 D:\\PROYECTO DE GRADO\\MDG2\\Sistema\\sis-seguimiento-hojas-ruta\\vendor\\laravel\\framework\\src\\Illuminate\\Http\\Middleware\\HandleCors.php(49): Illuminate\\Pipeline\\Pipeline->Illuminate\\Pipeline\\{closure}(Object(Illuminate\\Http\\Request))
#42 D:\\PROYECTO DE GRADO\\MDG2\\Sistema\\sis-seguimiento-hojas-ruta\\vendor\\laravel\\framework\\src\\Illuminate\\Pipeline\\Pipeline.php(209): Illuminate\\Http\\Middleware\\HandleCors->handle(Object(Illuminate\\Http\\Request), Object(Closure))
#43 D:\\PROYECTO DE GRADO\\MDG2\\Sistema\\sis-seguimiento-hojas-ruta\\vendor\\laravel\\framework\\src\\Illuminate\\Http\\Middleware\\TrustProxies.php(58): Illuminate\\Pipeline\\Pipeline->Illuminate\\Pipeline\\{closure}(Object(Illuminate\\Http\\Request))
#44 D:\\PROYECTO DE GRADO\\MDG2\\Sistema\\sis-seguimiento-hojas-ruta\\vendor\\laravel\\framework\\src\\Illuminate\\Pipeline\\Pipeline.php(209): Illuminate\\Http\\Middleware\\TrustProxies->handle(Object(Illuminate\\Http\\Request), Object(Closure))
#45 D:\\PROYECTO DE GRADO\\MDG2\\Sistema\\sis-seguimiento-hojas-ruta\\vendor\\laravel\\framework\\src\\Illuminate\\Foundation\\Http\\Middleware\\InvokeDeferredCallbacks.php(22): Illuminate\\Pipeline\\Pipeline->Illuminate\\Pipeline\\{closure}(Object(Illuminate\\Http\\Request))
#46 D:\\PROYECTO DE GRADO\\MDG2\\Sistema\\sis-seguimiento-hojas-ruta\\vendor\\laravel\\framework\\src\\Illuminate\\Pipeline\\Pipeline.php(209): Illuminate\\Foundation\\Http\\Middleware\\InvokeDeferredCallbacks->handle(Object(Illuminate\\Http\\Request), Object(Closure))
#47 D:\\PROYECTO DE GRADO\\MDG2\\Sistema\\sis-seguimiento-hojas-ruta\\vendor\\laravel\\framework\\src\\Illuminate\\Pipeline\\Pipeline.php(127): Illuminate\\Pipeline\\Pipeline->Illuminate\\Pipeline\\{closure}(Object(Illuminate\\Http\\Request))
#48 D:\\PROYECTO DE GRADO\\MDG2\\Sistema\\sis-seguimiento-hojas-ruta\\vendor\\laravel\\framework\\src\\Illuminate\\Foundation\\Http\\Kernel.php(176): Illuminate\\Pipeline\\Pipeline->then(Object(Closure))
#49 D:\\PROYECTO DE GRADO\\MDG2\\Sistema\\sis-seguimiento-hojas-ruta\\vendor\\laravel\\framework\\src\\Illuminate\\Foundation\\Http\\Kernel.php(145): Illuminate\\Foundation\\Http\\Kernel->sendRequestThroughRouter(Object(Illuminate\\Http\\Request))
#50 D:\\PROYECTO DE GRADO\\MDG2\\Sistema\\sis-seguimiento-hojas-ruta\\vendor\\laravel\\framework\\src\\Illuminate\\Foundation\\Application.php(1220): Illuminate\\Foundation\\Http\\Kernel->handle(Object(Illuminate\\Http\\Request))
#51 D:\\PROYECTO DE GRADO\\MDG2\\Sistema\\sis-seguimiento-hojas-ruta\\public\\index.php(17): Illuminate\\Foundation\\Application->handleRequest(Object(Illuminate\\Http\\Request))
#52 D:\\PROYECTO DE GRADO\\MDG2\\Sistema\\sis-seguimiento-hojas-ruta\\vendor\\laravel\\framework\\src\\Illuminate\\Foundation\\resources\\server.php(23): require_once('D:\\\\PROYECTO DE ...')
#53 {main}
"} 
[2025-12-04 22:41:00] local.ERROR: Command "optmize" is not defined.

Did you mean one of these?
    optimize
    optimize:clear {"exception":"[object] (Symfony\\Component\\Console\\Exception\\CommandNotFoundException(code: 0): Command \"optmize\" is not defined.

Did you mean one of these?
    optimize
    optimize:clear at D:\\PROYECTO DE GRADO\\MDG2\\Sistema\\sis-seguimiento-hojas-ruta\\vendor\\symfony\\console\\Application.php:740)
[stacktrace]
#0 D:\\PROYECTO DE GRADO\\MDG2\\Sistema\\sis-seguimiento-hojas-ruta\\vendor\\symfony\\console\\Application.php(298): Symfony\\Component\\Console\\Application->find('optmize')
#1 D:\\PROYECTO DE GRADO\\MDG2\\Sistema\\sis-seguimiento-hojas-ruta\\vendor\\symfony\\console\\Application.php(195): Symfony\\Component\\Console\\Application->doRun(Object(Symfony\\Component\\Console\\Input\\ArgvInput), Object(Symfony\\Component\\Console\\Output\\ConsoleOutput))
#2 D:\\PROYECTO DE GRADO\\MDG2\\Sistema\\sis-seguimiento-hojas-ruta\\vendor\\laravel\\framework\\src\\Illuminate\\Foundation\\Console\\Kernel.php(198): Symfony\\Component\\Console\\Application->run(Object(Symfony\\Component\\Console\\Input\\ArgvInput), Object(Symfony\\Component\\Console\\Output\\ConsoleOutput))
#3 D:\\PROYECTO DE GRADO\\MDG2\\Sistema\\sis-seguimiento-hojas-ruta\\vendor\\laravel\\framework\\src\\Illuminate\\Foundation\\Application.php(1235): Illuminate\\Foundation\\Console\\Kernel->handle(Object(Symfony\\Component\\Console\\Input\\ArgvInput), Object(Symfony\\Component\\Console\\Output\\ConsoleOutput))
#4 D:\\PROYECTO DE GRADO\\MDG2\\Sistema\\sis-seguimiento-hojas-ruta\\artisan(13): Illuminate\\Foundation\\Application->handleCommand(Object(Symfony\\Component\\Console\\Input\\ArgvInput))
#5 {main}
"} 
[2025-12-04 22:41:08] local.ERROR: The "D:\Colca\SEGUIMIENTO DE HOJAS DE RUTA\sis-seguimiento-hojas-ruta\resources\views" directory does not exist. {"exception":"[object] (Symfony\\Component\\Finder\\Exception\\DirectoryNotFoundException(code: 0): The \"D:\\Colca\\SEGUIMIENTO DE HOJAS DE RUTA\\sis-seguimiento-hojas-ruta\\resources\\views\" directory does not exist. at D:\\PROYECTO DE GRADO\\MDG2\\Sistema\\sis-seguimiento-hojas-ruta\\vendor\\symfony\\finder\\Finder.php:646)
[stacktrace]
#0 D:\\PROYECTO DE GRADO\\MDG2\\Sistema\\sis-seguimiento-hojas-ruta\\vendor\\laravel\\framework\\src\\Illuminate\\Foundation\\Console\\ViewCacheCommand.php(88): Symfony\\Component\\Finder\\Finder->in(Array)
#1 D:\\PROYECTO DE GRADO\\MDG2\\Sistema\\sis-seguimiento-hojas-ruta\\vendor\\laravel\\framework\\src\\Illuminate\\Foundation\\Console\\ViewCacheCommand.php(43): Illuminate\\Foundation\\Console\\ViewCacheCommand->bladeFilesIn(Array)
#2 D:\\PROYECTO DE GRADO\\MDG2\\Sistema\\sis-seguimiento-hojas-ruta\\vendor\\laravel\\framework\\src\\Illuminate\\Collections\\Traits\\EnumeratesValues.php(261): Illuminate\\Foundation\\Console\\ViewCacheCommand->Illuminate\\Foundation\\Console\\{closure}('D:\\\\Colca\\\\SEGUIM...', 0)
#3 D:\\PROYECTO DE GRADO\\MDG2\\Sistema\\sis-seguimiento-hojas-ruta\\vendor\\laravel\\framework\\src\\Illuminate\\Foundation\\Console\\ViewCacheCommand.php(38): Illuminate\\Support\\Collection->each(Object(Closure))
#4 D:\\PROYECTO DE GRADO\\MDG2\\Sistema\\sis-seguimiento-hojas-ruta\\vendor\\laravel\\framework\\src\\Illuminate\\Container\\BoundMethod.php(36): Illuminate\\Foundation\\Console\\ViewCacheCommand->handle()
#5 D:\\PROYECTO DE GRADO\\MDG2\\Sistema\\sis-seguimiento-hojas-ruta\\vendor\\laravel\\framework\\src\\Illuminate\\Container\\Util.php(43): Illuminate\\Container\\BoundMethod::Illuminate\\Container\\{closure}()
#6 D:\\PROYECTO DE GRADO\\MDG2\\Sistema\\sis-seguimiento-hojas-ruta\\vendor\\laravel\\framework\\src\\Illuminate\\Container\\BoundMethod.php(95): Illuminate\\Container\\Util::unwrapIfClosure(Object(Closure))
#7 D:\\PROYECTO DE GRADO\\MDG2\\Sistema\\sis-seguimiento-hojas-ruta\\vendor\\laravel\\framework\\src\\Illuminate\\Container\\BoundMethod.php(35): Illuminate\\Container\\BoundMethod::callBoundMethod(Object(Illuminate\\Foundation\\Application), Array, Object(Closure))
#8 D:\\PROYECTO DE GRADO\\MDG2\\Sistema\\sis-seguimiento-hojas-ruta\\vendor\\laravel\\framework\\src\\Illuminate\\Container\\Container.php(696): Illuminate\\Container\\BoundMethod::call(Object(Illuminate\\Foundation\\Application), Array, Array, NULL)
#9 D:\\PROYECTO DE GRADO\\MDG2\\Sistema\\sis-seguimiento-hojas-ruta\\vendor\\laravel\\framework\\src\\Illuminate\\Console\\Command.php(213): Illuminate\\Container\\Container->call(Array)
#10 D:\\PROYECTO DE GRADO\\MDG2\\Sistema\\sis-seguimiento-hojas-ruta\\vendor\\symfony\\console\\Command\\Command.php(318): Illuminate\\Console\\Command->execute(Object(Symfony\\Component\\Console\\Input\\ArrayInput), Object(Illuminate\\Console\\OutputStyle))
#11 D:\\PROYECTO DE GRADO\\MDG2\\Sistema\\sis-seguimiento-hojas-ruta\\vendor\\laravel\\framework\\src\\Illuminate\\Console\\Command.php(182): Symfony\\Component\\Console\\Command\\Command->run(Object(Symfony\\Component\\Console\\Input\\ArrayInput), Object(Illuminate\\Console\\OutputStyle))
#12 D:\\PROYECTO DE GRADO\\MDG2\\Sistema\\sis-seguimiento-hojas-ruta\\vendor\\laravel\\framework\\src\\Illuminate\\Console\\Concerns\\CallsCommands.php(68): Illuminate\\Console\\Command->run(Object(Symfony\\Component\\Console\\Input\\ArrayInput), Object(Symfony\\Component\\Console\\Output\\NullOutput))
#13 D:\\PROYECTO DE GRADO\\MDG2\\Sistema\\sis-seguimiento-hojas-ruta\\vendor\\laravel\\framework\\src\\Illuminate\\Console\\Concerns\\CallsCommands.php(41): Illuminate\\Console\\Command->runCommand('view:cache', Array, Object(Symfony\\Component\\Console\\Output\\NullOutput))
#14 D:\\PROYECTO DE GRADO\\MDG2\\Sistema\\sis-seguimiento-hojas-ruta\\vendor\\laravel\\framework\\src\\Illuminate\\Console\\Concerns\\CallsCommands.php(53): Illuminate\\Console\\Command->callSilent('view:cache', Array)
#15 D:\\PROYECTO DE GRADO\\MDG2\\Sistema\\sis-seguimiento-hojas-ruta\\vendor\\laravel\\framework\\src\\Illuminate\\Foundation\\Console\\OptimizeCommand.php(48): Illuminate\\Console\\Command->callSilently('view:cache')
#16 D:\\PROYECTO DE GRADO\\MDG2\\Sistema\\sis-seguimiento-hojas-ruta\\vendor\\laravel\\framework\\src\\Illuminate\\Console\\View\\Components\\Task.php(40): Illuminate\\Foundation\\Console\\OptimizeCommand->Illuminate\\Foundation\\Console\\{closure}()
#17 D:\\PROYECTO DE GRADO\\MDG2\\Sistema\\sis-seguimiento-hojas-ruta\\vendor\\laravel\\framework\\src\\Illuminate\\Console\\View\\Components\\Factory.php(60): Illuminate\\Console\\View\\Components\\Task->render('views', Object(Closure))
#18 D:\\PROYECTO DE GRADO\\MDG2\\Sistema\\sis-seguimiento-hojas-ruta\\vendor\\laravel\\framework\\src\\Illuminate\\Foundation\\Console\\OptimizeCommand.php(48): Illuminate\\Console\\View\\Components\\Factory->__call('task', Array)
#19 D:\\PROYECTO DE GRADO\\MDG2\\Sistema\\sis-seguimiento-hojas-ruta\\vendor\\laravel\\framework\\src\\Illuminate\\Container\\BoundMethod.php(36): Illuminate\\Foundation\\Console\\OptimizeCommand->handle()
#20 D:\\PROYECTO DE GRADO\\MDG2\\Sistema\\sis-seguimiento-hojas-ruta\\vendor\\laravel\\framework\\src\\Illuminate\\Container\\Util.php(43): Illuminate\\Container\\BoundMethod::Illuminate\\Container\\{closure}()
#21 D:\\PROYECTO DE GRADO\\MDG2\\Sistema\\sis-seguimiento-hojas-ruta\\vendor\\laravel\\framework\\src\\Illuminate\\Container\\BoundMethod.php(95): Illuminate\\Container\\Util::unwrapIfClosure(Object(Closure))
#22 D:\\PROYECTO DE GRADO\\MDG2\\Sistema\\sis-seguimiento-hojas-ruta\\vendor\\laravel\\framework\\src\\Illuminate\\Container\\BoundMethod.php(35): Illuminate\\Container\\BoundMethod::callBoundMethod(Object(Illuminate\\Foundation\\Application), Array, Object(Closure))
#23 D:\\PROYECTO DE GRADO\\MDG2\\Sistema\\sis-seguimiento-hojas-ruta\\vendor\\laravel\\framework\\src\\Illuminate\\Container\\Container.php(696): Illuminate\\Container\\BoundMethod::call(Object(Illuminate\\Foundation\\Application), Array, Array, NULL)
#24 D:\\PROYECTO DE GRADO\\MDG2\\Sistema\\sis-seguimiento-hojas-ruta\\vendor\\laravel\\framework\\src\\Illuminate\\Console\\Command.php(213): Illuminate\\Container\\Container->call(Array)
#25 D:\\PROYECTO DE GRADO\\MDG2\\Sistema\\sis-seguimiento-hojas-ruta\\vendor\\symfony\\console\\Command\\Command.php(318): Illuminate\\Console\\Command->execute(Object(Symfony\\Component\\Console\\Input\\ArgvInput), Object(Illuminate\\Console\\OutputStyle))
#26 D:\\PROYECTO DE GRADO\\MDG2\\Sistema\\sis-seguimiento-hojas-ruta\\vendor\\laravel\\framework\\src\\Illuminate\\Console\\Command.php(182): Symfony\\Component\\Console\\Command\\Command->run(Object(Symfony\\Component\\Console\\Input\\ArgvInput), Object(Illuminate\\Console\\OutputStyle))
#27 D:\\PROYECTO DE GRADO\\MDG2\\Sistema\\sis-seguimiento-hojas-ruta\\vendor\\symfony\\console\\Application.php(1073): Illuminate\\Console\\Command->run(Object(Symfony\\Component\\Console\\Input\\ArgvInput), Object(Symfony\\Component\\Console\\Output\\ConsoleOutput))
#28 D:\\PROYECTO DE GRADO\\MDG2\\Sistema\\sis-seguimiento-hojas-ruta\\vendor\\symfony\\console\\Application.php(356): Symfony\\Component\\Console\\Application->doRunCommand(Object(Illuminate\\Foundation\\Console\\OptimizeCommand), Object(Symfony\\Component\\Console\\Input\\ArgvInput), Object(Symfony\\Component\\Console\\Output\\ConsoleOutput))
#29 D:\\PROYECTO DE GRADO\\MDG2\\Sistema\\sis-seguimiento-hojas-ruta\\vendor\\symfony\\console\\Application.php(195): Symfony\\Component\\Console\\Application->doRun(Object(Symfony\\Component\\Console\\Input\\ArgvInput), Object(Symfony\\Component\\Console\\Output\\ConsoleOutput))
#30 D:\\PROYECTO DE GRADO\\MDG2\\Sistema\\sis-seguimiento-hojas-ruta\\vendor\\laravel\\framework\\src\\Illuminate\\Foundation\\Console\\Kernel.php(198): Symfony\\Component\\Console\\Application->run(Object(Symfony\\Component\\Console\\Input\\ArgvInput), Object(Symfony\\Component\\Console\\Output\\ConsoleOutput))
#31 D:\\PROYECTO DE GRADO\\MDG2\\Sistema\\sis-seguimiento-hojas-ruta\\vendor\\laravel\\framework\\src\\Illuminate\\Foundation\\Application.php(1235): Illuminate\\Foundation\\Console\\Kernel->handle(Object(Symfony\\Component\\Console\\Input\\ArgvInput), Object(Symfony\\Component\\Console\\Output\\ConsoleOutput))
#32 D:\\PROYECTO DE GRADO\\MDG2\\Sistema\\sis-seguimiento-hojas-ruta\\artisan(13): Illuminate\\Foundation\\Application->handleCommand(Object(Symfony\\Component\\Console\\Input\\ArgvInput))
#33 {main}
"} 
[2025-12-18 22:18:35] local.ERROR: Target class [Database\Seeders\RolesSeeder] does not exist. {"exception":"[object] (Illuminate\\Contracts\\Container\\BindingResolutionException(code: 0): Target class [Database\\Seeders\\RolesSeeder] does not exist. at D:\\PROYECTO DE GRADO\\MDG2\\Sistema\\sis-seguimiento-hojas-ruta18-12-2025\\sis-seguimiento-hojas-ruta\\vendor\\laravel\\framework\\src\\Illuminate\\Container\\Container.php:961)
[stacktrace]
#0 D:\\PROYECTO DE GRADO\\MDG2\\Sistema\\sis-seguimiento-hojas-ruta18-12-2025\\sis-seguimiento-hojas-ruta\\vendor\\laravel\\framework\\src\\Illuminate\\Container\\Container.php(832): Illuminate\\Container\\Container->build('Database\\\\Seeder...')
#1 D:\\PROYECTO DE GRADO\\MDG2\\Sistema\\sis-seguimiento-hojas-ruta18-12-2025\\sis-seguimiento-hojas-ruta\\vendor\\laravel\\framework\\src\\Illuminate\\Foundation\\Application.php(1078): Illuminate\\Container\\Container->resolve('Database\\\\Seeder...', Array, true)
#2 D:\\PROYECTO DE GRADO\\MDG2\\Sistema\\sis-seguimiento-hojas-ruta18-12-2025\\sis-seguimiento-hojas-ruta\\vendor\\laravel\\framework\\src\\Illuminate\\Container\\Container.php(763): Illuminate\\Foundation\\Application->resolve('Database\\\\Seeder...', Array)
#3 D:\\PROYECTO DE GRADO\\MDG2\\Sistema\\sis-seguimiento-hojas-ruta18-12-2025\\sis-seguimiento-hojas-ruta\\vendor\\laravel\\framework\\src\\Illuminate\\Foundation\\Application.php(1058): Illuminate\\Container\\Container->make('Database\\\\Seeder...', Array)
#4 D:\\PROYECTO DE GRADO\\MDG2\\Sistema\\sis-seguimiento-hojas-ruta18-12-2025\\sis-seguimiento-hojas-ruta\\vendor\\laravel\\framework\\src\\Illuminate\\Database\\Console\\Seeds\\SeedCommand.php(98): Illuminate\\Foundation\\Application->make('Database\\\\Seeder...')
#5 D:\\PROYECTO DE GRADO\\MDG2\\Sistema\\sis-seguimiento-hojas-ruta18-12-2025\\sis-seguimiento-hojas-ruta\\vendor\\laravel\\framework\\src\\Illuminate\\Database\\Console\\Seeds\\SeedCommand.php(70): Illuminate\\Database\\Console\\Seeds\\SeedCommand->getSeeder()
#6 D:\\PROYECTO DE GRADO\\MDG2\\Sistema\\sis-seguimiento-hojas-ruta18-12-2025\\sis-seguimiento-hojas-ruta\\vendor\\laravel\\framework\\src\\Illuminate\\Database\\Eloquent\\Concerns\\GuardsAttributes.php(155): Illuminate\\Database\\Console\\Seeds\\SeedCommand->Illuminate\\Database\\Console\\Seeds\\{closure}()
#7 D:\\PROYECTO DE GRADO\\MDG2\\Sistema\\sis-seguimiento-hojas-ruta18-12-2025\\sis-seguimiento-hojas-ruta\\vendor\\laravel\\framework\\src\\Illuminate\\Database\\Console\\Seeds\\SeedCommand.php(69): Illuminate\\Database\\Eloquent\\Model::unguarded(Object(Closure))
#8 D:\\PROYECTO DE GRADO\\MDG2\\Sistema\\sis-seguimiento-hojas-ruta18-12-2025\\sis-seguimiento-hojas-ruta\\vendor\\laravel\\framework\\src\\Illuminate\\Container\\BoundMethod.php(36): Illuminate\\Database\\Console\\Seeds\\SeedCommand->handle()
#9 D:\\PROYECTO DE GRADO\\MDG2\\Sistema\\sis-seguimiento-hojas-ruta18-12-2025\\sis-seguimiento-hojas-ruta\\vendor\\laravel\\framework\\src\\Illuminate\\Container\\Util.php(43): Illuminate\\Container\\BoundMethod::Illuminate\\Container\\{closure}()
#10 D:\\PROYECTO DE GRADO\\MDG2\\Sistema\\sis-seguimiento-hojas-ruta18-12-2025\\sis-seguimiento-hojas-ruta\\vendor\\laravel\\framework\\src\\Illuminate\\Container\\BoundMethod.php(95): Illuminate\\Container\\Util::unwrapIfClosure(Object(Closure))
#11 D:\\PROYECTO DE GRADO\\MDG2\\Sistema\\sis-seguimiento-hojas-ruta18-12-2025\\sis-seguimiento-hojas-ruta\\vendor\\laravel\\framework\\src\\Illuminate\\Container\\BoundMethod.php(35): Illuminate\\Container\\BoundMethod::callBoundMethod(Object(Illuminate\\Foundation\\Application), Array, Object(Closure))
#12 D:\\PROYECTO DE GRADO\\MDG2\\Sistema\\sis-seguimiento-hojas-ruta18-12-2025\\sis-seguimiento-hojas-ruta\\vendor\\laravel\\framework\\src\\Illuminate\\Container\\Container.php(696): Illuminate\\Container\\BoundMethod::call(Object(Illuminate\\Foundation\\Application), Array, Array, NULL)
#13 D:\\PROYECTO DE GRADO\\MDG2\\Sistema\\sis-seguimiento-hojas-ruta18-12-2025\\sis-seguimiento-hojas-ruta\\vendor\\laravel\\framework\\src\\Illuminate\\Console\\Command.php(213): Illuminate\\Container\\Container->call(Array)
#14 D:\\PROYECTO DE GRADO\\MDG2\\Sistema\\sis-seguimiento-hojas-ruta18-12-2025\\sis-seguimiento-hojas-ruta\\vendor\\symfony\\console\\Command\\Command.php(318): Illuminate\\Console\\Command->execute(Object(Symfony\\Component\\Console\\Input\\ArgvInput), Object(Illuminate\\Console\\OutputStyle))
#15 D:\\PROYECTO DE GRADO\\MDG2\\Sistema\\sis-seguimiento-hojas-ruta18-12-2025\\sis-seguimiento-hojas-ruta\\vendor\\laravel\\framework\\src\\Illuminate\\Console\\Command.php(182): Symfony\\Component\\Console\\Command\\Command->run(Object(Symfony\\Component\\Console\\Input\\ArgvInput), Object(Illuminate\\Console\\OutputStyle))
#16 D:\\PROYECTO DE GRADO\\MDG2\\Sistema\\sis-seguimiento-hojas-ruta18-12-2025\\sis-seguimiento-hojas-ruta\\vendor\\symfony\\console\\Application.php(1073): Illuminate\\Console\\Command->run(Object(Symfony\\Component\\Console\\Input\\ArgvInput), Object(Symfony\\Component\\Console\\Output\\ConsoleOutput))
#17 D:\\PROYECTO DE GRADO\\MDG2\\Sistema\\sis-seguimiento-hojas-ruta18-12-2025\\sis-seguimiento-hojas-ruta\\vendor\\symfony\\console\\Application.php(356): Symfony\\Component\\Console\\Application->doRunCommand(Object(Illuminate\\Database\\Console\\Seeds\\SeedCommand), Object(Symfony\\Component\\Console\\Input\\ArgvInput), Object(Symfony\\Component\\Console\\Output\\ConsoleOutput))
#18 D:\\PROYECTO DE GRADO\\MDG2\\Sistema\\sis-seguimiento-hojas-ruta18-12-2025\\sis-seguimiento-hojas-ruta\\vendor\\symfony\\console\\Application.php(195): Symfony\\Component\\Console\\Application->doRun(Object(Symfony\\Component\\Console\\Input\\ArgvInput), Object(Symfony\\Component\\Console\\Output\\ConsoleOutput))
#19 D:\\PROYECTO DE GRADO\\MDG2\\Sistema\\sis-seguimiento-hojas-ruta18-12-2025\\sis-seguimiento-hojas-ruta\\vendor\\laravel\\framework\\src\\Illuminate\\Foundation\\Console\\Kernel.php(198): Symfony\\Component\\Console\\Application->run(Object(Symfony\\Component\\Console\\Input\\ArgvInput), Object(Symfony\\Component\\Console\\Output\\ConsoleOutput))
#20 D:\\PROYECTO DE GRADO\\MDG2\\Sistema\\sis-seguimiento-hojas-ruta18-12-2025\\sis-seguimiento-hojas-ruta\\vendor\\laravel\\framework\\src\\Illuminate\\Foundation\\Application.php(1235): Illuminate\\Foundation\\Console\\Kernel->handle(Object(Symfony\\Component\\Console\\Input\\ArgvInput), Object(Symfony\\Component\\Console\\Output\\ConsoleOutput))
#21 D:\\PROYECTO DE GRADO\\MDG2\\Sistema\\sis-seguimiento-hojas-ruta18-12-2025\\sis-seguimiento-hojas-ruta\\artisan(13): Illuminate\\Foundation\\Application->handleCommand(Object(Symfony\\Component\\Console\\Input\\ArgvInput))
#22 {main}

[previous exception] [object] (ReflectionException(code: -1): Class \"Database\\Seeders\\RolesSeeder\" does not exist at D:\\PROYECTO DE GRADO\\MDG2\\Sistema\\sis-seguimiento-hojas-ruta18-12-2025\\sis-seguimiento-hojas-ruta\\vendor\\laravel\\framework\\src\\Illuminate\\Container\\Container.php:959)
[stacktrace]
#0 D:\\PROYECTO DE GRADO\\MDG2\\Sistema\\sis-seguimiento-hojas-ruta18-12-2025\\sis-seguimiento-hojas-ruta\\vendor\\laravel\\framework\\src\\Illuminate\\Container\\Container.php(959): ReflectionClass->__construct('Database\\\\Seeder...')
#1 D:\\PROYECTO DE GRADO\\MDG2\\Sistema\\sis-seguimiento-hojas-ruta18-12-2025\\sis-seguimiento-hojas-ruta\\vendor\\laravel\\framework\\src\\Illuminate\\Container\\Container.php(832): Illuminate\\Container\\Container->build('Database\\\\Seeder...')
#2 D:\\PROYECTO DE GRADO\\MDG2\\Sistema\\sis-seguimiento-hojas-ruta18-12-2025\\sis-seguimiento-hojas-ruta\\vendor\\laravel\\framework\\src\\Illuminate\\Foundation\\Application.php(1078): Illuminate\\Container\\Container->resolve('Database\\\\Seeder...', Array, true)
#3 D:\\PROYECTO DE GRADO\\MDG2\\Sistema\\sis-seguimiento-hojas-ruta18-12-2025\\sis-seguimiento-hojas-ruta\\vendor\\laravel\\framework\\src\\Illuminate\\Container\\Container.php(763): Illuminate\\Foundation\\Application->resolve('Database\\\\Seeder...', Array)
#4 D:\\PROYECTO DE GRADO\\MDG2\\Sistema\\sis-seguimiento-hojas-ruta18-12-2025\\sis-seguimiento-hojas-ruta\\vendor\\laravel\\framework\\src\\Illuminate\\Foundation\\Application.php(1058): Illuminate\\Container\\Container->make('Database\\\\Seeder...', Array)
#5 D:\\PROYECTO DE GRADO\\MDG2\\Sistema\\sis-seguimiento-hojas-ruta18-12-2025\\sis-seguimiento-hojas-ruta\\vendor\\laravel\\framework\\src\\Illuminate\\Database\\Console\\Seeds\\SeedCommand.php(98): Illuminate\\Foundation\\Application->make('Database\\\\Seeder...')
#6 D:\\PROYECTO DE GRADO\\MDG2\\Sistema\\sis-seguimiento-hojas-ruta18-12-2025\\sis-seguimiento-hojas-ruta\\vendor\\laravel\\framework\\src\\Illuminate\\Database\\Console\\Seeds\\SeedCommand.php(70): Illuminate\\Database\\Console\\Seeds\\SeedCommand->getSeeder()
#7 D:\\PROYECTO DE GRADO\\MDG2\\Sistema\\sis-seguimiento-hojas-ruta18-12-2025\\sis-seguimiento-hojas-ruta\\vendor\\laravel\\framework\\src\\Illuminate\\Database\\Eloquent\\Concerns\\GuardsAttributes.php(155): Illuminate\\Database\\Console\\Seeds\\SeedCommand->Illuminate\\Database\\Console\\Seeds\\{closure}()
#8 D:\\PROYECTO DE GRADO\\MDG2\\Sistema\\sis-seguimiento-hojas-ruta18-12-2025\\sis-seguimiento-hojas-ruta\\vendor\\laravel\\framework\\src\\Illuminate\\Database\\Console\\Seeds\\SeedCommand.php(69): Illuminate\\Database\\Eloquent\\Model::unguarded(Object(Closure))
#9 D:\\PROYECTO DE GRADO\\MDG2\\Sistema\\sis-seguimiento-hojas-ruta18-12-2025\\sis-seguimiento-hojas-ruta\\vendor\\laravel\\framework\\src\\Illuminate\\Container\\BoundMethod.php(36): Illuminate\\Database\\Console\\Seeds\\SeedCommand->handle()
#10 D:\\PROYECTO DE GRADO\\MDG2\\Sistema\\sis-seguimiento-hojas-ruta18-12-2025\\sis-seguimiento-hojas-ruta\\vendor\\laravel\\framework\\src\\Illuminate\\Container\\Util.php(43): Illuminate\\Container\\BoundMethod::Illuminate\\Container\\{closure}()
#11 D:\\PROYECTO DE GRADO\\MDG2\\Sistema\\sis-seguimiento-hojas-ruta18-12-2025\\sis-seguimiento-hojas-ruta\\vendor\\laravel\\framework\\src\\Illuminate\\Container\\BoundMethod.php(95): Illuminate\\Container\\Util::unwrapIfClosure(Object(Closure))
#12 D:\\PROYECTO DE GRADO\\MDG2\\Sistema\\sis-seguimiento-hojas-ruta18-12-2025\\sis-seguimiento-hojas-ruta\\vendor\\laravel\\framework\\src\\Illuminate\\Container\\BoundMethod.php(35): Illuminate\\Container\\BoundMethod::callBoundMethod(Object(Illuminate\\Foundation\\Application), Array, Object(Closure))
#13 D:\\PROYECTO DE GRADO\\MDG2\\Sistema\\sis-seguimiento-hojas-ruta18-12-2025\\sis-seguimiento-hojas-ruta\\vendor\\laravel\\framework\\src\\Illuminate\\Container\\Container.php(696): Illuminate\\Container\\BoundMethod::call(Object(Illuminate\\Foundation\\Application), Array, Array, NULL)
#14 D:\\PROYECTO DE GRADO\\MDG2\\Sistema\\sis-seguimiento-hojas-ruta18-12-2025\\sis-seguimiento-hojas-ruta\\vendor\\laravel\\framework\\src\\Illuminate\\Console\\Command.php(213): Illuminate\\Container\\Container->call(Array)
#15 D:\\PROYECTO DE GRADO\\MDG2\\Sistema\\sis-seguimiento-hojas-ruta18-12-2025\\sis-seguimiento-hojas-ruta\\vendor\\symfony\\console\\Command\\Command.php(318): Illuminate\\Console\\Command->execute(Object(Symfony\\Component\\Console\\Input\\ArgvInput), Object(Illuminate\\Console\\OutputStyle))
#16 D:\\PROYECTO DE GRADO\\MDG2\\Sistema\\sis-seguimiento-hojas-ruta18-12-2025\\sis-seguimiento-hojas-ruta\\vendor\\laravel\\framework\\src\\Illuminate\\Console\\Command.php(182): Symfony\\Component\\Console\\Command\\Command->run(Object(Symfony\\Component\\Console\\Input\\ArgvInput), Object(Illuminate\\Console\\OutputStyle))
#17 D:\\PROYECTO DE GRADO\\MDG2\\Sistema\\sis-seguimiento-hojas-ruta18-12-2025\\sis-seguimiento-hojas-ruta\\vendor\\symfony\\console\\Application.php(1073): Illuminate\\Console\\Command->run(Object(Symfony\\Component\\Console\\Input\\ArgvInput), Object(Symfony\\Component\\Console\\Output\\ConsoleOutput))
#18 D:\\PROYECTO DE GRADO\\MDG2\\Sistema\\sis-seguimiento-hojas-ruta18-12-2025\\sis-seguimiento-hojas-ruta\\vendor\\symfony\\console\\Application.php(356): Symfony\\Component\\Console\\Application->doRunCommand(Object(Illuminate\\Database\\Console\\Seeds\\SeedCommand), Object(Symfony\\Component\\Console\\Input\\ArgvInput), Object(Symfony\\Component\\Console\\Output\\ConsoleOutput))
#19 D:\\PROYECTO DE GRADO\\MDG2\\Sistema\\sis-seguimiento-hojas-ruta18-12-2025\\sis-seguimiento-hojas-ruta\\vendor\\symfony\\console\\Application.php(195): Symfony\\Component\\Console\\Application->doRun(Object(Symfony\\Component\\Console\\Input\\ArgvInput), Object(Symfony\\Component\\Console\\Output\\ConsoleOutput))
#20 D:\\PROYECTO DE GRADO\\MDG2\\Sistema\\sis-seguimiento-hojas-ruta18-12-2025\\sis-seguimiento-hojas-ruta\\vendor\\laravel\\framework\\src\\Illuminate\\Foundation\\Console\\Kernel.php(198): Symfony\\Component\\Console\\Application->run(Object(Symfony\\Component\\Console\\Input\\ArgvInput), Object(Symfony\\Component\\Console\\Output\\ConsoleOutput))
#21 D:\\PROYECTO DE GRADO\\MDG2\\Sistema\\sis-seguimiento-hojas-ruta18-12-2025\\sis-seguimiento-hojas-ruta\\vendor\\laravel\\framework\\src\\Illuminate\\Foundation\\Application.php(1235): Illuminate\\Foundation\\Console\\Kernel->handle(Object(Symfony\\Component\\Console\\Input\\ArgvInput), Object(Symfony\\Component\\Console\\Output\\ConsoleOutput))
#22 D:\\PROYECTO DE GRADO\\MDG2\\Sistema\\sis-seguimiento-hojas-ruta18-12-2025\\sis-seguimiento-hojas-ruta\\artisan(13): Illuminate\\Foundation\\Application->handleCommand(Object(Symfony\\Component\\Console\\Input\\ArgvInput))
#23 {main}
"} 
[2025-12-18 22:19:14] local.ERROR: View [auth.login] not found. {"exception":"[object] (InvalidArgumentException(code: 0): View [auth.login] not found. at D:\\PROYECTO DE GRADO\\MDG2\\Sistema\\sis-seguimiento-hojas-ruta18-12-2025\\sis-seguimiento-hojas-ruta\\vendor\\laravel\\framework\\src\\Illuminate\\View\\FileViewFinder.php:139)
[stacktrace]
#0 D:\\PROYECTO DE GRADO\\MDG2\\Sistema\\sis-seguimiento-hojas-ruta18-12-2025\\sis-seguimiento-hojas-ruta\\vendor\\laravel\\framework\\src\\Illuminate\\View\\FileViewFinder.php(79): Illuminate\\View\\FileViewFinder->findInPaths('auth.login', Array)
#1 D:\\PROYECTO DE GRADO\\MDG2\\Sistema\\sis-seguimiento-hojas-ruta18-12-2025\\sis-seguimiento-hojas-ruta\\vendor\\laravel\\framework\\src\\Illuminate\\View\\Factory.php(151): Illuminate\\View\\FileViewFinder->find('auth.login')
#2 D:\\PROYECTO DE GRADO\\MDG2\\Sistema\\sis-seguimiento-hojas-ruta18-12-2025\\sis-seguimiento-hojas-ruta\\vendor\\laravel\\framework\\src\\Illuminate\\Foundation\\helpers.php(1062): Illuminate\\View\\Factory->make('auth.login', Array, Array)
#3 D:\\PROYECTO DE GRADO\\MDG2\\Sistema\\sis-seguimiento-hojas-ruta18-12-2025\\sis-seguimiento-hojas-ruta\\app\\Http\\Controllers\\Auth\\AuthenticatedSessionController.php(19): view('auth.login')
#4 D:\\PROYECTO DE GRADO\\MDG2\\Sistema\\sis-seguimiento-hojas-ruta18-12-2025\\sis-seguimiento-hojas-ruta\\vendor\\laravel\\framework\\src\\Illuminate\\Routing\\ControllerDispatcher.php(47): App\\Http\\Controllers\\Auth\\AuthenticatedSessionController->create()
#5 D:\\PROYECTO DE GRADO\\MDG2\\Sistema\\sis-seguimiento-hojas-ruta18-12-2025\\sis-seguimiento-hojas-ruta\\vendor\\laravel\\framework\\src\\Illuminate\\Routing\\Route.php(266): Illuminate\\Routing\\ControllerDispatcher->dispatch(Object(Illuminate\\Routing\\Route), Object(App\\Http\\Controllers\\Auth\\AuthenticatedSessionController), 'create')
#6 D:\\PROYECTO DE GRADO\\MDG2\\Sistema\\sis-seguimiento-hojas-ruta18-12-2025\\sis-seguimiento-hojas-ruta\\vendor\\laravel\\framework\\src\\Illuminate\\Routing\\Route.php(212): Illuminate\\Routing\\Route->runController()
#7 D:\\PROYECTO DE GRADO\\MDG2\\Sistema\\sis-seguimiento-hojas-ruta18-12-2025\\sis-seguimiento-hojas-ruta\\vendor\\laravel\\framework\\src\\Illuminate\\Routing\\Router.php(808): Illuminate\\Routing\\Route->run()
#8 D:\\PROYECTO DE GRADO\\MDG2\\Sistema\\sis-seguimiento-hojas-ruta18-12-2025\\sis-seguimiento-hojas-ruta\\vendor\\laravel\\framework\\src\\Illuminate\\Pipeline\\Pipeline.php(170): Illuminate\\Routing\\Router->Illuminate\\Routing\\{closure}(Object(Illuminate\\Http\\Request))
#9 D:\\PROYECTO DE GRADO\\MDG2\\Sistema\\sis-seguimiento-hojas-ruta18-12-2025\\sis-seguimiento-hojas-ruta\\vendor\\laravel\\framework\\src\\Illuminate\\Auth\\Middleware\\RedirectIfAuthenticated.php(35): Illuminate\\Pipeline\\Pipeline->Illuminate\\Pipeline\\{closure}(Object(Illuminate\\Http\\Request))
#10 D:\\PROYECTO DE GRADO\\MDG2\\Sistema\\sis-seguimiento-hojas-ruta18-12-2025\\sis-seguimiento-hojas-ruta\\vendor\\laravel\\framework\\src\\Illuminate\\Pipeline\\Pipeline.php(209): Illuminate\\Auth\\Middleware\\RedirectIfAuthenticated->handle(Object(Illuminate\\Http\\Request), Object(Closure))
#11 D:\\PROYECTO DE GRADO\\MDG2\\Sistema\\sis-seguimiento-hojas-ruta18-12-2025\\sis-seguimiento-hojas-ruta\\vendor\\laravel\\framework\\src\\Illuminate\\Routing\\Middleware\\SubstituteBindings.php(51): Illuminate\\Pipeline\\Pipeline->Illuminate\\Pipeline\\{closure}(Object(Illuminate\\Http\\Request))
#12 D:\\PROYECTO DE GRADO\\MDG2\\Sistema\\sis-seguimiento-hojas-ruta18-12-2025\\sis-seguimiento-hojas-ruta\\vendor\\laravel\\framework\\src\\Illuminate\\Pipeline\\Pipeline.php(209): Illuminate\\Routing\\Middleware\\SubstituteBindings->handle(Object(Illuminate\\Http\\Request), Object(Closure))
#13 D:\\PROYECTO DE GRADO\\MDG2\\Sistema\\sis-seguimiento-hojas-ruta18-12-2025\\sis-seguimiento-hojas-ruta\\vendor\\laravel\\framework\\src\\Illuminate\\Foundation\\Http\\Middleware\\VerifyCsrfToken.php(88): Illuminate\\Pipeline\\Pipeline->Illuminate\\Pipeline\\{closure}(Object(Illuminate\\Http\\Request))
#14 D:\\PROYECTO DE GRADO\\MDG2\\Sistema\\sis-seguimiento-hojas-ruta18-12-2025\\sis-seguimiento-hojas-ruta\\vendor\\laravel\\framework\\src\\Illuminate\\Pipeline\\Pipeline.php(209): Illuminate\\Foundation\\Http\\Middleware\\VerifyCsrfToken->handle(Object(Illuminate\\Http\\Request), Object(Closure))
#15 D:\\PROYECTO DE GRADO\\MDG2\\Sistema\\sis-seguimiento-hojas-ruta18-12-2025\\sis-seguimiento-hojas-ruta\\vendor\\laravel\\framework\\src\\Illuminate\\View\\Middleware\\ShareErrorsFromSession.php(49): Illuminate\\Pipeline\\Pipeline->Illuminate\\Pipeline\\{closure}(Object(Illuminate\\Http\\Request))
#16 D:\\PROYECTO DE GRADO\\MDG2\\Sistema\\sis-seguimiento-hojas-ruta18-12-2025\\sis-seguimiento-hojas-ruta\\vendor\\laravel\\framework\\src\\Illuminate\\Pipeline\\Pipeline.php(209): Illuminate\\View\\Middleware\\ShareErrorsFromSession->handle(Object(Illuminate\\Http\\Request), Object(Closure))
#17 D:\\PROYECTO DE GRADO\\MDG2\\Sistema\\sis-seguimiento-hojas-ruta18-12-2025\\sis-seguimiento-hojas-ruta\\vendor\\laravel\\framework\\src\\Illuminate\\Session\\Middleware\\StartSession.php(121): Illuminate\\Pipeline\\Pipeline->Illuminate\\Pipeline\\{closure}(Object(Illuminate\\Http\\Request))
#18 D:\\PROYECTO DE GRADO\\MDG2\\Sistema\\sis-seguimiento-hojas-ruta18-12-2025\\sis-seguimiento-hojas-ruta\\vendor\\laravel\\framework\\src\\Illuminate\\Session\\Middleware\\StartSession.php(64): Illuminate\\Session\\Middleware\\StartSession->handleStatefulRequest(Object(Illuminate\\Http\\Request), Object(Illuminate\\Session\\Store), Object(Closure))
#19 D:\\PROYECTO DE GRADO\\MDG2\\Sistema\\sis-seguimiento-hojas-ruta18-12-2025\\sis-seguimiento-hojas-ruta\\vendor\\laravel\\framework\\src\\Illuminate\\Pipeline\\Pipeline.php(209): Illuminate\\Session\\Middleware\\StartSession->handle(Object(Illuminate\\Http\\Request), Object(Closure))
#20 D:\\PROYECTO DE GRADO\\MDG2\\Sistema\\sis-seguimiento-hojas-ruta18-12-2025\\sis-seguimiento-hojas-ruta\\vendor\\laravel\\framework\\src\\Illuminate\\Cookie\\Middleware\\AddQueuedCookiesToResponse.php(37): Illuminate\\Pipeline\\Pipeline->Illuminate\\Pipeline\\{closure}(Object(Illuminate\\Http\\Request))
#21 D:\\PROYECTO DE GRADO\\MDG2\\Sistema\\sis-seguimiento-hojas-ruta18-12-2025\\sis-seguimiento-hojas-ruta\\vendor\\laravel\\framework\\src\\Illuminate\\Pipeline\\Pipeline.php(209): Illuminate\\Cookie\\Middleware\\AddQueuedCookiesToResponse->handle(Object(Illuminate\\Http\\Request), Object(Closure))
#22 D:\\PROYECTO DE GRADO\\MDG2\\Sistema\\sis-seguimiento-hojas-ruta18-12-2025\\sis-seguimiento-hojas-ruta\\vendor\\laravel\\framework\\src\\Illuminate\\Cookie\\Middleware\\EncryptCookies.php(75): Illuminate\\Pipeline\\Pipeline->Illuminate\\Pipeline\\{closure}(Object(Illuminate\\Http\\Request))
#23 D:\\PROYECTO DE GRADO\\MDG2\\Sistema\\sis-seguimiento-hojas-ruta18-12-2025\\sis-seguimiento-hojas-ruta\\vendor\\laravel\\framework\\src\\Illuminate\\Pipeline\\Pipeline.php(209): Illuminate\\Cookie\\Middleware\\EncryptCookies->handle(Object(Illuminate\\Http\\Request), Object(Closure))
#24 D:\\PROYECTO DE GRADO\\MDG2\\Sistema\\sis-seguimiento-hojas-ruta18-12-2025\\sis-seguimiento-hojas-ruta\\vendor\\laravel\\framework\\src\\Illuminate\\Pipeline\\Pipeline.php(127): Illuminate\\Pipeline\\Pipeline->Illuminate\\Pipeline\\{closure}(Object(Illuminate\\Http\\Request))
#25 D:\\PROYECTO DE GRADO\\MDG2\\Sistema\\sis-seguimiento-hojas-ruta18-12-2025\\sis-seguimiento-hojas-ruta\\vendor\\laravel\\framework\\src\\Illuminate\\Routing\\Router.php(807): Illuminate\\Pipeline\\Pipeline->then(Object(Closure))
#26 D:\\PROYECTO DE GRADO\\MDG2\\Sistema\\sis-seguimiento-hojas-ruta18-12-2025\\sis-seguimiento-hojas-ruta\\vendor\\laravel\\framework\\src\\Illuminate\\Routing\\Router.php(786): Illuminate\\Routing\\Router->runRouteWithinStack(Object(Illuminate\\Routing\\Route), Object(Illuminate\\Http\\Request))
#27 D:\\PROYECTO DE GRADO\\MDG2\\Sistema\\sis-seguimiento-hojas-ruta18-12-2025\\sis-seguimiento-hojas-ruta\\vendor\\laravel\\framework\\src\\Illuminate\\Routing\\Router.php(750): Illuminate\\Routing\\Router->runRoute(Object(Illuminate\\Http\\Request), Object(Illuminate\\Routing\\Route))
#28 D:\\PROYECTO DE GRADO\\MDG2\\Sistema\\sis-seguimiento-hojas-ruta18-12-2025\\sis-seguimiento-hojas-ruta\\vendor\\laravel\\framework\\src\\Illuminate\\Routing\\Router.php(739): Illuminate\\Routing\\Router->dispatchToRoute(Object(Illuminate\\Http\\Request))
#29 D:\\PROYECTO DE GRADO\\MDG2\\Sistema\\sis-seguimiento-hojas-ruta18-12-2025\\sis-seguimiento-hojas-ruta\\vendor\\laravel\\framework\\src\\Illuminate\\Foundation\\Http\\Kernel.php(201): Illuminate\\Routing\\Router->dispatch(Object(Illuminate\\Http\\Request))
#30 D:\\PROYECTO DE GRADO\\MDG2\\Sistema\\sis-seguimiento-hojas-ruta18-12-2025\\sis-seguimiento-hojas-ruta\\vendor\\laravel\\framework\\src\\Illuminate\\Pipeline\\Pipeline.php(170): Illuminate\\Foundation\\Http\\Kernel->Illuminate\\Foundation\\Http\\{closure}(Object(Illuminate\\Http\\Request))
#31 D:\\PROYECTO DE GRADO\\MDG2\\Sistema\\sis-seguimiento-hojas-ruta18-12-2025\\sis-seguimiento-hojas-ruta\\vendor\\laravel\\framework\\src\\Illuminate\\Foundation\\Http\\Middleware\\TransformsRequest.php(21): Illuminate\\Pipeline\\Pipeline->Illuminate\\Pipeline\\{closure}(Object(Illuminate\\Http\\Request))
#32 D:\\PROYECTO DE GRADO\\MDG2\\Sistema\\sis-seguimiento-hojas-ruta18-12-2025\\sis-seguimiento-hojas-ruta\\vendor\\laravel\\framework\\src\\Illuminate\\Foundation\\Http\\Middleware\\ConvertEmptyStringsToNull.php(31): Illuminate\\Foundation\\Http\\Middleware\\TransformsRequest->handle(Object(Illuminate\\Http\\Request), Object(Closure))
#33 D:\\PROYECTO DE GRADO\\MDG2\\Sistema\\sis-seguimiento-hojas-ruta18-12-2025\\sis-seguimiento-hojas-ruta\\vendor\\laravel\\framework\\src\\Illuminate\\Pipeline\\Pipeline.php(209): Illuminate\\Foundation\\Http\\Middleware\\ConvertEmptyStringsToNull->handle(Object(Illuminate\\Http\\Request), Object(Closure))
#34 D:\\PROYECTO DE GRADO\\MDG2\\Sistema\\sis-seguimiento-hojas-ruta18-12-2025\\sis-seguimiento-hojas-ruta\\vendor\\laravel\\framework\\src\\Illuminate\\Foundation\\Http\\Middleware\\TransformsRequest.php(21): Illuminate\\Pipeline\\Pipeline->Illuminate\\Pipeline\\{closure}(Object(Illuminate\\Http\\Request))
#35 D:\\PROYECTO DE GRADO\\MDG2\\Sistema\\sis-seguimiento-hojas-ruta18-12-2025\\sis-seguimiento-hojas-ruta\\vendor\\laravel\\framework\\src\\Illuminate\\Foundation\\Http\\Middleware\\TrimStrings.php(51): Illuminate\\Foundation\\Http\\Middleware\\TransformsRequest->handle(Object(Illuminate\\Http\\Request), Object(Closure))
#36 D:\\PROYECTO DE GRADO\\MDG2\\Sistema\\sis-seguimiento-hojas-ruta18-12-2025\\sis-seguimiento-hojas-ruta\\vendor\\laravel\\framework\\src\\Illuminate\\Pipeline\\Pipeline.php(209): Illuminate\\Foundation\\Http\\Middleware\\TrimStrings->handle(Object(Illuminate\\Http\\Request), Object(Closure))
#37 D:\\PROYECTO DE GRADO\\MDG2\\Sistema\\sis-seguimiento-hojas-ruta18-12-2025\\sis-seguimiento-hojas-ruta\\vendor\\laravel\\framework\\src\\Illuminate\\Http\\Middleware\\ValidatePostSize.php(27): Illuminate\\Pipeline\\Pipeline->Illuminate\\Pipeline\\{closure}(Object(Illuminate\\Http\\Request))
#38 D:\\PROYECTO DE GRADO\\MDG2\\Sistema\\sis-seguimiento-hojas-ruta18-12-2025\\sis-seguimiento-hojas-ruta\\vendor\\laravel\\framework\\src\\Illuminate\\Pipeline\\Pipeline.php(209): Illuminate\\Http\\Middleware\\ValidatePostSize->handle(Object(Illuminate\\Http\\Request), Object(Closure))
#39 D:\\PROYECTO DE GRADO\\MDG2\\Sistema\\sis-seguimiento-hojas-ruta18-12-2025\\sis-seguimiento-hojas-ruta\\vendor\\laravel\\framework\\src\\Illuminate\\Foundation\\Http\\Middleware\\PreventRequestsDuringMaintenance.php(110): Illuminate\\Pipeline\\Pipeline->Illuminate\\Pipeline\\{closure}(Object(Illuminate\\Http\\Request))
#40 D:\\PROYECTO DE GRADO\\MDG2\\Sistema\\sis-seguimiento-hojas-ruta18-12-2025\\sis-seguimiento-hojas-ruta\\vendor\\laravel\\framework\\src\\Illuminate\\Pipeline\\Pipeline.php(209): Illuminate\\Foundation\\Http\\Middleware\\PreventRequestsDuringMaintenance->handle(Object(Illuminate\\Http\\Request), Object(Closure))
#41 D:\\PROYECTO DE GRADO\\MDG2\\Sistema\\sis-seguimiento-hojas-ruta18-12-2025\\sis-seguimiento-hojas-ruta\\vendor\\laravel\\framework\\src\\Illuminate\\Http\\Middleware\\HandleCors.php(49): Illuminate\\Pipeline\\Pipeline->Illuminate\\Pipeline\\{closure}(Object(Illuminate\\Http\\Request))
#42 D:\\PROYECTO DE GRADO\\MDG2\\Sistema\\sis-seguimiento-hojas-ruta18-12-2025\\sis-seguimiento-hojas-ruta\\vendor\\laravel\\framework\\src\\Illuminate\\Pipeline\\Pipeline.php(209): Illuminate\\Http\\Middleware\\HandleCors->handle(Object(Illuminate\\Http\\Request), Object(Closure))
#43 D:\\PROYECTO DE GRADO\\MDG2\\Sistema\\sis-seguimiento-hojas-ruta18-12-2025\\sis-seguimiento-hojas-ruta\\vendor\\laravel\\framework\\src\\Illuminate\\Http\\Middleware\\TrustProxies.php(58): Illuminate\\Pipeline\\Pipeline->Illuminate\\Pipeline\\{closure}(Object(Illuminate\\Http\\Request))
#44 D:\\PROYECTO DE GRADO\\MDG2\\Sistema\\sis-seguimiento-hojas-ruta18-12-2025\\sis-seguimiento-hojas-ruta\\vendor\\laravel\\framework\\src\\Illuminate\\Pipeline\\Pipeline.php(209): Illuminate\\Http\\Middleware\\TrustProxies->handle(Object(Illuminate\\Http\\Request), Object(Closure))
#45 D:\\PROYECTO DE GRADO\\MDG2\\Sistema\\sis-seguimiento-hojas-ruta18-12-2025\\sis-seguimiento-hojas-ruta\\vendor\\laravel\\framework\\src\\Illuminate\\Foundation\\Http\\Middleware\\InvokeDeferredCallbacks.php(22): Illuminate\\Pipeline\\Pipeline->Illuminate\\Pipeline\\{closure}(Object(Illuminate\\Http\\Request))
#46 D:\\PROYECTO DE GRADO\\MDG2\\Sistema\\sis-seguimiento-hojas-ruta18-12-2025\\sis-seguimiento-hojas-ruta\\vendor\\laravel\\framework\\src\\Illuminate\\Pipeline\\Pipeline.php(209): Illuminate\\Foundation\\Http\\Middleware\\InvokeDeferredCallbacks->handle(Object(Illuminate\\Http\\Request), Object(Closure))
#47 D:\\PROYECTO DE GRADO\\MDG2\\Sistema\\sis-seguimiento-hojas-ruta18-12-2025\\sis-seguimiento-hojas-ruta\\vendor\\laravel\\framework\\src\\Illuminate\\Pipeline\\Pipeline.php(127): Illuminate\\Pipeline\\Pipeline->Illuminate\\Pipeline\\{closure}(Object(Illuminate\\Http\\Request))
#48 D:\\PROYECTO DE GRADO\\MDG2\\Sistema\\sis-seguimiento-hojas-ruta18-12-2025\\sis-seguimiento-hojas-ruta\\vendor\\laravel\\framework\\src\\Illuminate\\Foundation\\Http\\Kernel.php(176): Illuminate\\Pipeline\\Pipeline->then(Object(Closure))
#49 D:\\PROYECTO DE GRADO\\MDG2\\Sistema\\sis-seguimiento-hojas-ruta18-12-2025\\sis-seguimiento-hojas-ruta\\vendor\\laravel\\framework\\src\\Illuminate\\Foundation\\Http\\Kernel.php(145): Illuminate\\Foundation\\Http\\Kernel->sendRequestThroughRouter(Object(Illuminate\\Http\\Request))
#50 D:\\PROYECTO DE GRADO\\MDG2\\Sistema\\sis-seguimiento-hojas-ruta18-12-2025\\sis-seguimiento-hojas-ruta\\vendor\\laravel\\framework\\src\\Illuminate\\Foundation\\Application.php(1220): Illuminate\\Foundation\\Http\\Kernel->handle(Object(Illuminate\\Http\\Request))
#51 D:\\PROYECTO DE GRADO\\MDG2\\Sistema\\sis-seguimiento-hojas-ruta18-12-2025\\sis-seguimiento-hojas-ruta\\public\\index.php(17): Illuminate\\Foundation\\Application->handleRequest(Object(Illuminate\\Http\\Request))
#52 D:\\PROYECTO DE GRADO\\MDG2\\Sistema\\sis-seguimiento-hojas-ruta18-12-2025\\sis-seguimiento-hojas-ruta\\vendor\\laravel\\framework\\src\\Illuminate\\Foundation\\resources\\server.php(23): require_once('D:\\\\PROYECTO DE ...')
#53 {main}
"} 
[2025-12-18 22:19:57] local.ERROR: The "D:\Colca\SEGUIMIENTO DE HOJAS DE RUTA\sis-seguimiento-hojas-ruta\resources\views" directory does not exist. {"exception":"[object] (Symfony\\Component\\Finder\\Exception\\DirectoryNotFoundException(code: 0): The \"D:\\Colca\\SEGUIMIENTO DE HOJAS DE RUTA\\sis-seguimiento-hojas-ruta\\resources\\views\" directory does not exist. at D:\\PROYECTO DE GRADO\\MDG2\\Sistema\\sis-seguimiento-hojas-ruta18-12-2025\\sis-seguimiento-hojas-ruta\\vendor\\symfony\\finder\\Finder.php:646)
[stacktrace]
#0 D:\\PROYECTO DE GRADO\\MDG2\\Sistema\\sis-seguimiento-hojas-ruta18-12-2025\\sis-seguimiento-hojas-ruta\\vendor\\laravel\\framework\\src\\Illuminate\\Foundation\\Console\\ViewCacheCommand.php(88): Symfony\\Component\\Finder\\Finder->in(Array)
#1 D:\\PROYECTO DE GRADO\\MDG2\\Sistema\\sis-seguimiento-hojas-ruta18-12-2025\\sis-seguimiento-hojas-ruta\\vendor\\laravel\\framework\\src\\Illuminate\\Foundation\\Console\\ViewCacheCommand.php(43): Illuminate\\Foundation\\Console\\ViewCacheCommand->bladeFilesIn(Array)
#2 D:\\PROYECTO DE GRADO\\MDG2\\Sistema\\sis-seguimiento-hojas-ruta18-12-2025\\sis-seguimiento-hojas-ruta\\vendor\\laravel\\framework\\src\\Illuminate\\Collections\\Traits\\EnumeratesValues.php(261): Illuminate\\Foundation\\Console\\ViewCacheCommand->Illuminate\\Foundation\\Console\\{closure}('D:\\\\Colca\\\\SEGUIM...', 0)
#3 D:\\PROYECTO DE GRADO\\MDG2\\Sistema\\sis-seguimiento-hojas-ruta18-12-2025\\sis-seguimiento-hojas-ruta\\vendor\\laravel\\framework\\src\\Illuminate\\Foundation\\Console\\ViewCacheCommand.php(38): Illuminate\\Support\\Collection->each(Object(Closure))
#4 D:\\PROYECTO DE GRADO\\MDG2\\Sistema\\sis-seguimiento-hojas-ruta18-12-2025\\sis-seguimiento-hojas-ruta\\vendor\\laravel\\framework\\src\\Illuminate\\Container\\BoundMethod.php(36): Illuminate\\Foundation\\Console\\ViewCacheCommand->handle()
#5 D:\\PROYECTO DE GRADO\\MDG2\\Sistema\\sis-seguimiento-hojas-ruta18-12-2025\\sis-seguimiento-hojas-ruta\\vendor\\laravel\\framework\\src\\Illuminate\\Container\\Util.php(43): Illuminate\\Container\\BoundMethod::Illuminate\\Container\\{closure}()
#6 D:\\PROYECTO DE GRADO\\MDG2\\Sistema\\sis-seguimiento-hojas-ruta18-12-2025\\sis-seguimiento-hojas-ruta\\vendor\\laravel\\framework\\src\\Illuminate\\Container\\BoundMethod.php(95): Illuminate\\Container\\Util::unwrapIfClosure(Object(Closure))
#7 D:\\PROYECTO DE GRADO\\MDG2\\Sistema\\sis-seguimiento-hojas-ruta18-12-2025\\sis-seguimiento-hojas-ruta\\vendor\\laravel\\framework\\src\\Illuminate\\Container\\BoundMethod.php(35): Illuminate\\Container\\BoundMethod::callBoundMethod(Object(Illuminate\\Foundation\\Application), Array, Object(Closure))
#8 D:\\PROYECTO DE GRADO\\MDG2\\Sistema\\sis-seguimiento-hojas-ruta18-12-2025\\sis-seguimiento-hojas-ruta\\vendor\\laravel\\framework\\src\\Illuminate\\Container\\Container.php(696): Illuminate\\Container\\BoundMethod::call(Object(Illuminate\\Foundation\\Application), Array, Array, NULL)
#9 D:\\PROYECTO DE GRADO\\MDG2\\Sistema\\sis-seguimiento-hojas-ruta18-12-2025\\sis-seguimiento-hojas-ruta\\vendor\\laravel\\framework\\src\\Illuminate\\Console\\Command.php(213): Illuminate\\Container\\Container->call(Array)
#10 D:\\PROYECTO DE GRADO\\MDG2\\Sistema\\sis-seguimiento-hojas-ruta18-12-2025\\sis-seguimiento-hojas-ruta\\vendor\\symfony\\console\\Command\\Command.php(318): Illuminate\\Console\\Command->execute(Object(Symfony\\Component\\Console\\Input\\ArrayInput), Object(Illuminate\\Console\\OutputStyle))
#11 D:\\PROYECTO DE GRADO\\MDG2\\Sistema\\sis-seguimiento-hojas-ruta18-12-2025\\sis-seguimiento-hojas-ruta\\vendor\\laravel\\framework\\src\\Illuminate\\Console\\Command.php(182): Symfony\\Component\\Console\\Command\\Command->run(Object(Symfony\\Component\\Console\\Input\\ArrayInput), Object(Illuminate\\Console\\OutputStyle))
#12 D:\\PROYECTO DE GRADO\\MDG2\\Sistema\\sis-seguimiento-hojas-ruta18-12-2025\\sis-seguimiento-hojas-ruta\\vendor\\laravel\\framework\\src\\Illuminate\\Console\\Concerns\\CallsCommands.php(68): Illuminate\\Console\\Command->run(Object(Symfony\\Component\\Console\\Input\\ArrayInput), Object(Symfony\\Component\\Console\\Output\\NullOutput))
#13 D:\\PROYECTO DE GRADO\\MDG2\\Sistema\\sis-seguimiento-hojas-ruta18-12-2025\\sis-seguimiento-hojas-ruta\\vendor\\laravel\\framework\\src\\Illuminate\\Console\\Concerns\\CallsCommands.php(41): Illuminate\\Console\\Command->runCommand('view:cache', Array, Object(Symfony\\Component\\Console\\Output\\NullOutput))
#14 D:\\PROYECTO DE GRADO\\MDG2\\Sistema\\sis-seguimiento-hojas-ruta18-12-2025\\sis-seguimiento-hojas-ruta\\vendor\\laravel\\framework\\src\\Illuminate\\Console\\Concerns\\CallsCommands.php(53): Illuminate\\Console\\Command->callSilent('view:cache', Array)
#15 D:\\PROYECTO DE GRADO\\MDG2\\Sistema\\sis-seguimiento-hojas-ruta18-12-2025\\sis-seguimiento-hojas-ruta\\vendor\\laravel\\framework\\src\\Illuminate\\Foundation\\Console\\OptimizeCommand.php(48): Illuminate\\Console\\Command->callSilently('view:cache')
#16 D:\\PROYECTO DE GRADO\\MDG2\\Sistema\\sis-seguimiento-hojas-ruta18-12-2025\\sis-seguimiento-hojas-ruta\\vendor\\laravel\\framework\\src\\Illuminate\\Console\\View\\Components\\Task.php(40): Illuminate\\Foundation\\Console\\OptimizeCommand->Illuminate\\Foundation\\Console\\{closure}()
#17 D:\\PROYECTO DE GRADO\\MDG2\\Sistema\\sis-seguimiento-hojas-ruta18-12-2025\\sis-seguimiento-hojas-ruta\\vendor\\laravel\\framework\\src\\Illuminate\\Console\\View\\Components\\Factory.php(60): Illuminate\\Console\\View\\Components\\Task->render('views', Object(Closure))
#18 D:\\PROYECTO DE GRADO\\MDG2\\Sistema\\sis-seguimiento-hojas-ruta18-12-2025\\sis-seguimiento-hojas-ruta\\vendor\\laravel\\framework\\src\\Illuminate\\Foundation\\Console\\OptimizeCommand.php(48): Illuminate\\Console\\View\\Components\\Factory->__call('task', Array)
#19 D:\\PROYECTO DE GRADO\\MDG2\\Sistema\\sis-seguimiento-hojas-ruta18-12-2025\\sis-seguimiento-hojas-ruta\\vendor\\laravel\\framework\\src\\Illuminate\\Container\\BoundMethod.php(36): Illuminate\\Foundation\\Console\\OptimizeCommand->handle()
#20 D:\\PROYECTO DE GRADO\\MDG2\\Sistema\\sis-seguimiento-hojas-ruta18-12-2025\\sis-seguimiento-hojas-ruta\\vendor\\laravel\\framework\\src\\Illuminate\\Container\\Util.php(43): Illuminate\\Container\\BoundMethod::Illuminate\\Container\\{closure}()
#21 D:\\PROYECTO DE GRADO\\MDG2\\Sistema\\sis-seguimiento-hojas-ruta18-12-2025\\sis-seguimiento-hojas-ruta\\vendor\\laravel\\framework\\src\\Illuminate\\Container\\BoundMethod.php(95): Illuminate\\Container\\Util::unwrapIfClosure(Object(Closure))
#22 D:\\PROYECTO DE GRADO\\MDG2\\Sistema\\sis-seguimiento-hojas-ruta18-12-2025\\sis-seguimiento-hojas-ruta\\vendor\\laravel\\framework\\src\\Illuminate\\Container\\BoundMethod.php(35): Illuminate\\Container\\BoundMethod::callBoundMethod(Object(Illuminate\\Foundation\\Application), Array, Object(Closure))
#23 D:\\PROYECTO DE GRADO\\MDG2\\Sistema\\sis-seguimiento-hojas-ruta18-12-2025\\sis-seguimiento-hojas-ruta\\vendor\\laravel\\framework\\src\\Illuminate\\Container\\Container.php(696): Illuminate\\Container\\BoundMethod::call(Object(Illuminate\\Foundation\\Application), Array, Array, NULL)
#24 D:\\PROYECTO DE GRADO\\MDG2\\Sistema\\sis-seguimiento-hojas-ruta18-12-2025\\sis-seguimiento-hojas-ruta\\vendor\\laravel\\framework\\src\\Illuminate\\Console\\Command.php(213): Illuminate\\Container\\Container->call(Array)
#25 D:\\PROYECTO DE GRADO\\MDG2\\Sistema\\sis-seguimiento-hojas-ruta18-12-2025\\sis-seguimiento-hojas-ruta\\vendor\\symfony\\console\\Command\\Command.php(318): Illuminate\\Console\\Command->execute(Object(Symfony\\Component\\Console\\Input\\ArgvInput), Object(Illuminate\\Console\\OutputStyle))
#26 D:\\PROYECTO DE GRADO\\MDG2\\Sistema\\sis-seguimiento-hojas-ruta18-12-2025\\sis-seguimiento-hojas-ruta\\vendor\\laravel\\framework\\src\\Illuminate\\Console\\Command.php(182): Symfony\\Component\\Console\\Command\\Command->run(Object(Symfony\\Component\\Console\\Input\\ArgvInput), Object(Illuminate\\Console\\OutputStyle))
#27 D:\\PROYECTO DE GRADO\\MDG2\\Sistema\\sis-seguimiento-hojas-ruta18-12-2025\\sis-seguimiento-hojas-ruta\\vendor\\symfony\\console\\Application.php(1073): Illuminate\\Console\\Command->run(Object(Symfony\\Component\\Console\\Input\\ArgvInput), Object(Symfony\\Component\\Console\\Output\\ConsoleOutput))
#28 D:\\PROYECTO DE GRADO\\MDG2\\Sistema\\sis-seguimiento-hojas-ruta18-12-2025\\sis-seguimiento-hojas-ruta\\vendor\\symfony\\console\\Application.php(356): Symfony\\Component\\Console\\Application->doRunCommand(Object(Illuminate\\Foundation\\Console\\OptimizeCommand), Object(Symfony\\Component\\Console\\Input\\ArgvInput), Object(Symfony\\Component\\Console\\Output\\ConsoleOutput))
#29 D:\\PROYECTO DE GRADO\\MDG2\\Sistema\\sis-seguimiento-hojas-ruta18-12-2025\\sis-seguimiento-hojas-ruta\\vendor\\symfony\\console\\Application.php(195): Symfony\\Component\\Console\\Application->doRun(Object(Symfony\\Component\\Console\\Input\\ArgvInput), Object(Symfony\\Component\\Console\\Output\\ConsoleOutput))
#30 D:\\PROYECTO DE GRADO\\MDG2\\Sistema\\sis-seguimiento-hojas-ruta18-12-2025\\sis-seguimiento-hojas-ruta\\vendor\\laravel\\framework\\src\\Illuminate\\Foundation\\Console\\Kernel.php(198): Symfony\\Component\\Console\\Application->run(Object(Symfony\\Component\\Console\\Input\\ArgvInput), Object(Symfony\\Component\\Console\\Output\\ConsoleOutput))
#31 D:\\PROYECTO DE GRADO\\MDG2\\Sistema\\sis-seguimiento-hojas-ruta18-12-2025\\sis-seguimiento-hojas-ruta\\vendor\\laravel\\framework\\src\\Illuminate\\Foundation\\Application.php(1235): Illuminate\\Foundation\\Console\\Kernel->handle(Object(Symfony\\Component\\Console\\Input\\ArgvInput), Object(Symfony\\Component\\Console\\Output\\ConsoleOutput))
#32 D:\\PROYECTO DE GRADO\\MDG2\\Sistema\\sis-seguimiento-hojas-ruta18-12-2025\\sis-seguimiento-hojas-ruta\\artisan(13): Illuminate\\Foundation\\Application->handleCommand(Object(Symfony\\Component\\Console\\Input\\ArgvInput))
#33 {main}
"} 
