[2025-12-29 08:28:03] local.ERROR: View [auth.login] not found. {"exception":"[object] (InvalidArgumentException(code: 0): View [auth.login] not found. at /media/mph/Nuevo vol/Colca/SEGUIMIENTO DE HOJAS DE RUTA/sis-seguimiento-hojas-ruta-29-12-2025/sis-seguimiento-hojas-ruta/vendor/laravel/framework/src/Illuminate/View/FileViewFinder.php:139)
[stacktrace]
#0 /media/mph/Nuevo vol/Colca/SEGUIMIENTO DE HOJAS DE RUTA/sis-seguimiento-hojas-ruta-29-12-2025/sis-seguimiento-hojas-ruta/vendor/laravel/framework/src/Illuminate/View/FileViewFinder.php(79): Illuminate\\View\\FileViewFinder->findInPaths()
#1 /media/mph/Nuevo vol/Colca/SEGUIMIENTO DE HOJAS DE RUTA/sis-seguimiento-hojas-ruta-29-12-2025/sis-seguimiento-hojas-ruta/vendor/laravel/framework/src/Illuminate/View/Factory.php(151): Illuminate\\View\\FileViewFinder->find()
#2 /media/mph/Nuevo vol/Colca/SEGUIMIENTO DE HOJAS DE RUTA/sis-seguimiento-hojas-ruta-29-12-2025/sis-seguimiento-hojas-ruta/vendor/laravel/framework/src/Illuminate/Foundation/helpers.php(1062): Illuminate\\View\\Factory->make()
#3 /media/mph/Nuevo vol/Colca/SEGUIMIENTO DE HOJAS DE RUTA/sis-seguimiento-hojas-ruta-29-12-2025/sis-seguimiento-hojas-ruta/app/Http/Controllers/Auth/AuthenticatedSessionController.php(19): view()
#4 /media/mph/Nuevo vol/Colca/SEGUIMIENTO DE HOJAS DE RUTA/sis-seguimiento-hojas-ruta-29-12-2025/sis-seguimiento-hojas-ruta/vendor/laravel/framework/src/Illuminate/Routing/ControllerDispatcher.php(47): App\\Http\\Controllers\\Auth\\AuthenticatedSessionController->create()
#5 /media/mph/Nuevo vol/Colca/SEGUIMIENTO DE HOJAS DE RUTA/sis-seguimiento-hojas-ruta-29-12-2025/sis-seguimiento-hojas-ruta/vendor/laravel/framework/src/Illuminate/Routing/Route.php(266): Illuminate\\Routing\\ControllerDispatcher->dispatch()
#6 /media/mph/Nuevo vol/Colca/SEGUIMIENTO DE HOJAS DE RUTA/sis-seguimiento-hojas-ruta-29-12-2025/sis-seguimiento-hojas-ruta/vendor/laravel/framework/src/Illuminate/Routing/Route.php(212): Illuminate\\Routing\\Route->runController()
#7 /media/mph/Nuevo vol/Colca/SEGUIMIENTO DE HOJAS DE RUTA/sis-seguimiento-hojas-ruta-29-12-2025/sis-seguimiento-hojas-ruta/vendor/laravel/framework/src/Illuminate/Routing/Router.php(808): Illuminate\\Routing\\Route->run()
#8 /media/mph/Nuevo vol/Colca/SEGUIMIENTO DE HOJAS DE RUTA/sis-seguimiento-hojas-ruta-29-12-2025/sis-seguimiento-hojas-ruta/vendor/laravel/framework/src/Illuminate/Pipeline/Pipeline.php(170): Illuminate\\Routing\\Router->{closure:Illuminate\\Routing\\Router::runRouteWithinStack():807}()
#9 /media/mph/Nuevo vol/Colca/SEGUIMIENTO DE HOJAS DE RUTA/sis-seguimiento-hojas-ruta-29-12-2025/sis-seguimiento-hojas-ruta/vendor/laravel/framework/src/Illuminate/Auth/Middleware/RedirectIfAuthenticated.php(35): Illuminate\\Pipeline\\Pipeline->{closure:Illuminate\\Pipeline\\Pipeline::prepareDestination():168}()
#10 /media/mph/Nuevo vol/Colca/SEGUIMIENTO DE HOJAS DE RUTA/sis-seguimiento-hojas-ruta-29-12-2025/sis-seguimiento-hojas-ruta/vendor/laravel/framework/src/Illuminate/Pipeline/Pipeline.php(209): Illuminate\\Auth\\Middleware\\RedirectIfAuthenticated->handle()
#11 /media/mph/Nuevo vol/Colca/SEGUIMIENTO DE HOJAS DE RUTA/sis-seguimiento-hojas-ruta-29-12-2025/sis-seguimiento-hojas-ruta/vendor/laravel/framework/src/Illuminate/Routing/Middleware/SubstituteBindings.php(51): Illuminate\\Pipeline\\Pipeline->{closure:{closure:Illuminate\\Pipeline\\Pipeline::carry():184}:185}()
#12 /media/mph/Nuevo vol/Colca/SEGUIMIENTO DE HOJAS DE RUTA/sis-seguimiento-hojas-ruta-29-12-2025/sis-seguimiento-hojas-ruta/vendor/laravel/framework/src/Illuminate/Pipeline/Pipeline.php(209): Illuminate\\Routing\\Middleware\\SubstituteBindings->handle()
#13 /media/mph/Nuevo vol/Colca/SEGUIMIENTO DE HOJAS DE RUTA/sis-seguimiento-hojas-ruta-29-12-2025/sis-seguimiento-hojas-ruta/vendor/laravel/framework/src/Illuminate/Foundation/Http/Middleware/VerifyCsrfToken.php(88): Illuminate\\Pipeline\\Pipeline->{closure:{closure:Illuminate\\Pipeline\\Pipeline::carry():184}:185}()
#14 /media/mph/Nuevo vol/Colca/SEGUIMIENTO DE HOJAS DE RUTA/sis-seguimiento-hojas-ruta-29-12-2025/sis-seguimiento-hojas-ruta/vendor/laravel/framework/src/Illuminate/Pipeline/Pipeline.php(209): Illuminate\\Foundation\\Http\\Middleware\\VerifyCsrfToken->handle()
#15 /media/mph/Nuevo vol/Colca/SEGUIMIENTO DE HOJAS DE RUTA/sis-seguimiento-hojas-ruta-29-12-2025/sis-seguimiento-hojas-ruta/vendor/laravel/framework/src/Illuminate/View/Middleware/ShareErrorsFromSession.php(49): Illuminate\\Pipeline\\Pipeline->{closure:{closure:Illuminate\\Pipeline\\Pipeline::carry():184}:185}()
#16 /media/mph/Nuevo vol/Colca/SEGUIMIENTO DE HOJAS DE RUTA/sis-seguimiento-hojas-ruta-29-12-2025/sis-seguimiento-hojas-ruta/vendor/laravel/framework/src/Illuminate/Pipeline/Pipeline.php(209): Illuminate\\View\\Middleware\\ShareErrorsFromSession->handle()
#17 /media/mph/Nuevo vol/Colca/SEGUIMIENTO DE HOJAS DE RUTA/sis-seguimiento-hojas-ruta-29-12-2025/sis-seguimiento-hojas-ruta/vendor/laravel/framework/src/Illuminate/Session/Middleware/StartSession.php(121): Illuminate\\Pipeline\\Pipeline->{closure:{closure:Illuminate\\Pipeline\\Pipeline::carry():184}:185}()
#18 /media/mph/Nuevo vol/Colca/SEGUIMIENTO DE HOJAS DE RUTA/sis-seguimiento-hojas-ruta-29-12-2025/sis-seguimiento-hojas-ruta/vendor/laravel/framework/src/Illuminate/Session/Middleware/StartSession.php(64): Illuminate\\Session\\Middleware\\StartSession->handleStatefulRequest()
#19 /media/mph/Nuevo vol/Colca/SEGUIMIENTO DE HOJAS DE RUTA/sis-seguimiento-hojas-ruta-29-12-2025/sis-seguimiento-hojas-ruta/vendor/laravel/framework/src/Illuminate/Pipeline/Pipeline.php(209): Illuminate\\Session\\Middleware\\StartSession->handle()
#20 /media/mph/Nuevo vol/Colca/SEGUIMIENTO DE HOJAS DE RUTA/sis-seguimiento-hojas-ruta-29-12-2025/sis-seguimiento-hojas-ruta/vendor/laravel/framework/src/Illuminate/Cookie/Middleware/AddQueuedCookiesToResponse.php(37): Illuminate\\Pipeline\\Pipeline->{closure:{closure:Illuminate\\Pipeline\\Pipeline::carry():184}:185}()
#21 /media/mph/Nuevo vol/Colca/SEGUIMIENTO DE HOJAS DE RUTA/sis-seguimiento-hojas-ruta-29-12-2025/sis-seguimiento-hojas-ruta/vendor/laravel/framework/src/Illuminate/Pipeline/Pipeline.php(209): Illuminate\\Cookie\\Middleware\\AddQueuedCookiesToResponse->handle()
#22 /media/mph/Nuevo vol/Colca/SEGUIMIENTO DE HOJAS DE RUTA/sis-seguimiento-hojas-ruta-29-12-2025/sis-seguimiento-hojas-ruta/vendor/laravel/framework/src/Illuminate/Cookie/Middleware/EncryptCookies.php(75): Illuminate\\Pipeline\\Pipeline->{closure:{closure:Illuminate\\Pipeline\\Pipeline::carry():184}:185}()
#23 /media/mph/Nuevo vol/Colca/SEGUIMIENTO DE HOJAS DE RUTA/sis-seguimiento-hojas-ruta-29-12-2025/sis-seguimiento-hojas-ruta/vendor/laravel/framework/src/Illuminate/Pipeline/Pipeline.php(209): Illuminate\\Cookie\\Middleware\\EncryptCookies->handle()
#24 /media/mph/Nuevo vol/Colca/SEGUIMIENTO DE HOJAS DE RUTA/sis-seguimiento-hojas-ruta-29-12-2025/sis-seguimiento-hojas-ruta/vendor/laravel/framework/src/Illuminate/Pipeline/Pipeline.php(127): Illuminate\\Pipeline\\Pipeline->{closure:{closure:Illuminate\\Pipeline\\Pipeline::carry():184}:185}()
#25 /media/mph/Nuevo vol/Colca/SEGUIMIENTO DE HOJAS DE RUTA/sis-seguimiento-hojas-ruta-29-12-2025/sis-seguimiento-hojas-ruta/vendor/laravel/framework/src/Illuminate/Routing/Router.php(807): Illuminate\\Pipeline\\Pipeline->then()
#26 /media/mph/Nuevo vol/Colca/SEGUIMIENTO DE HOJAS DE RUTA/sis-seguimiento-hojas-ruta-29-12-2025/sis-seguimiento-hojas-ruta/vendor/laravel/framework/src/Illuminate/Routing/Router.php(786): Illuminate\\Routing\\Router->runRouteWithinStack()
#27 /media/mph/Nuevo vol/Colca/SEGUIMIENTO DE HOJAS DE RUTA/sis-seguimiento-hojas-ruta-29-12-2025/sis-seguimiento-hojas-ruta/vendor/laravel/framework/src/Illuminate/Routing/Router.php(750): Illuminate\\Routing\\Router->runRoute()
#28 /media/mph/Nuevo vol/Colca/SEGUIMIENTO DE HOJAS DE RUTA/sis-seguimiento-hojas-ruta-29-12-2025/sis-seguimiento-hojas-ruta/vendor/laravel/framework/src/Illuminate/Routing/Router.php(739): Illuminate\\Routing\\Router->dispatchToRoute()
#29 /media/mph/Nuevo vol/Colca/SEGUIMIENTO DE HOJAS DE RUTA/sis-seguimiento-hojas-ruta-29-12-2025/sis-seguimiento-hojas-ruta/vendor/laravel/framework/src/Illuminate/Foundation/Http/Kernel.php(201): Illuminate\\Routing\\Router->dispatch()
#30 /media/mph/Nuevo vol/Colca/SEGUIMIENTO DE HOJAS DE RUTA/sis-seguimiento-hojas-ruta-29-12-2025/sis-seguimiento-hojas-ruta/vendor/laravel/framework/src/Illuminate/Pipeline/Pipeline.php(170): Illuminate\\Foundation\\Http\\Kernel->{closure:Illuminate\\Foundation\\Http\\Kernel::dispatchToRouter():198}()
#31 /media/mph/Nuevo vol/Colca/SEGUIMIENTO DE HOJAS DE RUTA/sis-seguimiento-hojas-ruta-29-12-2025/sis-seguimiento-hojas-ruta/vendor/laravel/framework/src/Illuminate/Foundation/Http/Middleware/TransformsRequest.php(21): Illuminate\\Pipeline\\Pipeline->{closure:Illuminate\\Pipeline\\Pipeline::prepareDestination():168}()
#32 /media/mph/Nuevo vol/Colca/SEGUIMIENTO DE HOJAS DE RUTA/sis-seguimiento-hojas-ruta-29-12-2025/sis-seguimiento-hojas-ruta/vendor/laravel/framework/src/Illuminate/Foundation/Http/Middleware/ConvertEmptyStringsToNull.php(31): Illuminate\\Foundation\\Http\\Middleware\\TransformsRequest->handle()
#33 /media/mph/Nuevo vol/Colca/SEGUIMIENTO DE HOJAS DE RUTA/sis-seguimiento-hojas-ruta-29-12-2025/sis-seguimiento-hojas-ruta/vendor/laravel/framework/src/Illuminate/Pipeline/Pipeline.php(209): Illuminate\\Foundation\\Http\\Middleware\\ConvertEmptyStringsToNull->handle()
#34 /media/mph/Nuevo vol/Colca/SEGUIMIENTO DE HOJAS DE RUTA/sis-seguimiento-hojas-ruta-29-12-2025/sis-seguimiento-hojas-ruta/vendor/laravel/framework/src/Illuminate/Foundation/Http/Middleware/TransformsRequest.php(21): Illuminate\\Pipeline\\Pipeline->{closure:{closure:Illuminate\\Pipeline\\Pipeline::carry():184}:185}()
#35 /media/mph/Nuevo vol/Colca/SEGUIMIENTO DE HOJAS DE RUTA/sis-seguimiento-hojas-ruta-29-12-2025/sis-seguimiento-hojas-ruta/vendor/laravel/framework/src/Illuminate/Foundation/Http/Middleware/TrimStrings.php(51): Illuminate\\Foundation\\Http\\Middleware\\TransformsRequest->handle()
#36 /media/mph/Nuevo vol/Colca/SEGUIMIENTO DE HOJAS DE RUTA/sis-seguimiento-hojas-ruta-29-12-2025/sis-seguimiento-hojas-ruta/vendor/laravel/framework/src/Illuminate/Pipeline/Pipeline.php(209): Illuminate\\Foundation\\Http\\Middleware\\TrimStrings->handle()
#37 /media/mph/Nuevo vol/Colca/SEGUIMIENTO DE HOJAS DE RUTA/sis-seguimiento-hojas-ruta-29-12-2025/sis-seguimiento-hojas-ruta/vendor/laravel/framework/src/Illuminate/Http/Middleware/ValidatePostSize.php(27): Illuminate\\Pipeline\\Pipeline->{closure:{closure:Illuminate\\Pipeline\\Pipeline::carry():184}:185}()
#38 /media/mph/Nuevo vol/Colca/SEGUIMIENTO DE HOJAS DE RUTA/sis-seguimiento-hojas-ruta-29-12-2025/sis-seguimiento-hojas-ruta/vendor/laravel/framework/src/Illuminate/Pipeline/Pipeline.php(209): Illuminate\\Http\\Middleware\\ValidatePostSize->handle()
#39 /media/mph/Nuevo vol/Colca/SEGUIMIENTO DE HOJAS DE RUTA/sis-seguimiento-hojas-ruta-29-12-2025/sis-seguimiento-hojas-ruta/vendor/laravel/framework/src/Illuminate/Foundation/Http/Middleware/PreventRequestsDuringMaintenance.php(110): Illuminate\\Pipeline\\Pipeline->{closure:{closure:Illuminate\\Pipeline\\Pipeline::carry():184}:185}()
#40 /media/mph/Nuevo vol/Colca/SEGUIMIENTO DE HOJAS DE RUTA/sis-seguimiento-hojas-ruta-29-12-2025/sis-seguimiento-hojas-ruta/vendor/laravel/framework/src/Illuminate/Pipeline/Pipeline.php(209): Illuminate\\Foundation\\Http\\Middleware\\PreventRequestsDuringMaintenance->handle()
#41 /media/mph/Nuevo vol/Colca/SEGUIMIENTO DE HOJAS DE RUTA/sis-seguimiento-hojas-ruta-29-12-2025/sis-seguimiento-hojas-ruta/vendor/laravel/framework/src/Illuminate/Http/Middleware/HandleCors.php(49): Illuminate\\Pipeline\\Pipeline->{closure:{closure:Illuminate\\Pipeline\\Pipeline::carry():184}:185}()
#42 /media/mph/Nuevo vol/Colca/SEGUIMIENTO DE HOJAS DE RUTA/sis-seguimiento-hojas-ruta-29-12-2025/sis-seguimiento-hojas-ruta/vendor/laravel/framework/src/Illuminate/Pipeline/Pipeline.php(209): Illuminate\\Http\\Middleware\\HandleCors->handle()
#43 /media/mph/Nuevo vol/Colca/SEGUIMIENTO DE HOJAS DE RUTA/sis-seguimiento-hojas-ruta-29-12-2025/sis-seguimiento-hojas-ruta/vendor/laravel/framework/src/Illuminate/Http/Middleware/TrustProxies.php(58): Illuminate\\Pipeline\\Pipeline->{closure:{closure:Illuminate\\Pipeline\\Pipeline::carry():184}:185}()
#44 /media/mph/Nuevo vol/Colca/SEGUIMIENTO DE HOJAS DE RUTA/sis-seguimiento-hojas-ruta-29-12-2025/sis-seguimiento-hojas-ruta/vendor/laravel/framework/src/Illuminate/Pipeline/Pipeline.php(209): Illuminate\\Http\\Middleware\\TrustProxies->handle()
#45 /media/mph/Nuevo vol/Colca/SEGUIMIENTO DE HOJAS DE RUTA/sis-seguimiento-hojas-ruta-29-12-2025/sis-seguimiento-hojas-ruta/vendor/laravel/framework/src/Illuminate/Foundation/Http/Middleware/InvokeDeferredCallbacks.php(22): Illuminate\\Pipeline\\Pipeline->{closure:{closure:Illuminate\\Pipeline\\Pipeline::carry():184}:185}()
#46 /media/mph/Nuevo vol/Colca/SEGUIMIENTO DE HOJAS DE RUTA/sis-seguimiento-hojas-ruta-29-12-2025/sis-seguimiento-hojas-ruta/vendor/laravel/framework/src/Illuminate/Pipeline/Pipeline.php(209): Illuminate\\Foundation\\Http\\Middleware\\InvokeDeferredCallbacks->handle()
#47 /media/mph/Nuevo vol/Colca/SEGUIMIENTO DE HOJAS DE RUTA/sis-seguimiento-hojas-ruta-29-12-2025/sis-seguimiento-hojas-ruta/vendor/laravel/framework/src/Illuminate/Pipeline/Pipeline.php(127): Illuminate\\Pipeline\\Pipeline->{closure:{closure:Illuminate\\Pipeline\\Pipeline::carry():184}:185}()
#48 /media/mph/Nuevo vol/Colca/SEGUIMIENTO DE HOJAS DE RUTA/sis-seguimiento-hojas-ruta-29-12-2025/sis-seguimiento-hojas-ruta/vendor/laravel/framework/src/Illuminate/Foundation/Http/Kernel.php(176): Illuminate\\Pipeline\\Pipeline->then()
#49 /media/mph/Nuevo vol/Colca/SEGUIMIENTO DE HOJAS DE RUTA/sis-seguimiento-hojas-ruta-29-12-2025/sis-seguimiento-hojas-ruta/vendor/laravel/framework/src/Illuminate/Foundation/Http/Kernel.php(145): Illuminate\\Foundation\\Http\\Kernel->sendRequestThroughRouter()
#50 /media/mph/Nuevo vol/Colca/SEGUIMIENTO DE HOJAS DE RUTA/sis-seguimiento-hojas-ruta-29-12-2025/sis-seguimiento-hojas-ruta/vendor/laravel/framework/src/Illuminate/Foundation/Application.php(1220): Illuminate\\Foundation\\Http\\Kernel->handle()
#51 /media/mph/Nuevo vol/Colca/SEGUIMIENTO DE HOJAS DE RUTA/sis-seguimiento-hojas-ruta-29-12-2025/sis-seguimiento-hojas-ruta/public/index.php(17): Illuminate\\Foundation\\Application->handleRequest()
#52 /media/mph/Nuevo vol/Colca/SEGUIMIENTO DE HOJAS DE RUTA/sis-seguimiento-hojas-ruta-29-12-2025/sis-seguimiento-hojas-ruta/vendor/laravel/framework/src/Illuminate/Foundation/resources/server.php(23): require_once('...')
#53 {main}
"} 
